#
# A fatal error has been detected by the Java Runtime Environment:
#
#  EXCEPTION_ACCESS_VIOLATION (0xc0000005) at pc=0x0000019218d566d0, pid=7892, tid=16020
#
# JRE version: OpenJDK Runtime Environment Temurin-21.0.6+7 (21.0.6+7) (build 21.0.6+7-LTS)
# Java VM: OpenJDK 64-Bit Server VM Temurin-21.0.6+7 (21.0.6+7-LTS, mixed mode, sharing, tiered, compressed oops, compressed class ptrs, g1 gc, windows-amd64)
# Problematic frame:
# v  ~BufferBlob::MethodHandles adapters 0x0000019218d566d0
#
# No core dump will be written. Minidumps are not enabled by default on client versions of Windows
#
# If you would like to submit a bug report, please visit:
#   https://github.com/adoptium/adoptium-support/issues
#

---------------  S U M M A R Y ------------

Command Line: -XX:+ShowCodeDetailsInExceptionMessages -agentlib:jdwp=transport=dt_socket,suspend=y,address=localhost:57810 -ea -javaagent:C:\sts-4.28.1.RELEASE\configuration\org.eclipse.osgi\275\0\.cp\lib\javaagent-shaded.jar -Dfile.encoding=UTF-8 -Dstdout.encoding=UTF-8 -Dstderr.encoding=UTF-8 org.eclipse.jdt.internal.junit.runner.RemoteTestRunner -version 3 -port 57809 -testLoaderClass org.eclipse.jdt.internal.junit5.runner.JUnit5TestLoader -loaderpluginname org.eclipse.jdt.junit5.runtime -classNames com.mysite.sbb.SbbApplicationTests

Host: AMD Ryzen 5 5600 6-Core Processor              , 12 cores, 31G,  Windows 10 , 64 bit Build 19041 (10.0.19041.5438)
Time: Thu Mar  6 16:37:05 2025  Windows 10 , 64 bit Build 19041 (10.0.19041.5438) elapsed time: 16.140388 seconds (0d 0h 0m 16s)

---------------  T H R E A D  ---------------

Current thread (0x000001920de4da50):  JavaThread "main"             [_thread_in_Java, id=16020, stack(0x000000217f700000,0x000000217f800000) (1024K)]

Stack: [0x000000217f700000,0x000000217f800000],  sp=0x000000217f7fd0a8,  free space=1012k
Native frames: (J=compiled Java code, j=interpreted, Vv=VM code, C=native code)
C  0x0000019218d566d0

The last pc belongs to _linkToSpecial (printed below).

siginfo: EXCEPTION_ACCESS_VIOLATION (0xc0000005), reading address 0xffffffffffffffff


Registers:
RAX=0x0000019218d091b4, RBX=0xc3b4b2ab00000000, RCX=0x000000217f7fd0b0, RDX=0x0000000000000002
RSP=0x000000217f7fd0a8, RBP=0x000000217f7fd0f8, RSI=0x0000019273f01ef8, RDI=0x000001927483ae40
R8 =0x0000000000000002, R9 =0x0000000000000002, R10=0x000001922f00f708, R11=0x000001922e0b5bd0
R12=0x0000000000000000, R13=0x000000217f7fd0a8, R14=0x000000217f7fd118, R15=0x000001920de4da50
RIP=0x0000019218d566d0, EFLAGS=0x0000000000010202

XMM[0]=0x0000000000000000 0x0000000000000000
XMM[1]=0x0000000000000000 0x0000000000000000
XMM[2]=0x0000000000000000 0x0000000000000000
XMM[3]=0x0000000000000000 0x0000000000000000
XMM[4]=0x0000000000000000 0x0000000000000000
XMM[5]=0x0000000000000000 0x0000000000000000
XMM[6]=0x0000000000000000 0x0f4628d0b60c58de
XMM[7]=0x0000000000000000 0xadf5c425fb898583
XMM[8]=0x0000000000000000 0x0c809d8f03b34891
XMM[9]=0x0000000000000000 0xc99621139690ad59
XMM[10]=0x0000000000000000 0x00000000ccfa8c46
XMM[11]=0x0000000000000000 0x370d5eb1cd9e0c0a
XMM[12]=0x0000000000000000 0x000000009690ad59
XMM[13]=0x0000000000000000 0x0000000000000000
XMM[14]=0x0000000000000000 0x0000000000000000
XMM[15]=0x0000000000000000 0x0000000000000000
  MXCSR=0x00001fa0


Register to memory mapping:

RAX=0x0000019218d091b4 is at code_begin+3380 in an Interpreter codelet
return entry points  [0x0000019218d08480, 0x0000019218d0a590]  8464 bytes
RBX=0xc3b4b2ab00000000 is an unknown value
RCX=0x000000217f7fd0b0 is pointing into the stack for thread: 0x000001920de4da50
RDX=0x0000000000000002 is an unknown value
RSP=0x000000217f7fd0a8 is pointing into the stack for thread: 0x000001920de4da50
RBP=0x000000217f7fd0f8 is pointing into the stack for thread: 0x000001920de4da50
RSI=0x0000019273f01ef8 points into unknown readable memory: 0x88002f0b1759b76d | 6d b7 59 17 0b 2f 00 88
RDI=0x000001927483ae40 points into unknown readable memory: 0x0000001800000070 | 70 00 00 00 18 00 00 00
R8 =0x0000000000000002 is an unknown value
R9 =0x0000000000000002 is an unknown value
R10=0x000001922f00f708 is a pointer to class: 
com.mysite.sbb.SbbApplicationTests {0x000001922f00f710}
 - instance size:     2
 - klass size:        65
 - access:            synchronized 
 - flags:             rewritten has_nonstatic_fields should_verify_class has_localvariable_table has_resolved_methods has_been_redefined 
 - state:             fully_initialized
 - name:              'com/mysite/sbb/SbbApplicationTests'
 - super:             'java/lang/Object'
 - sub:               
 - arrays:            null
 - methods:           Array<T>(0x000001926fc2a600)
 - method ordering:   Array<T>(0x000001926fc2a808)
 - local interfaces:  Array<T>(0x000001922e611548)
 - trans. interfaces: Array<T>(0x000001922e611548)
 - constants:         constant pool [67] {0x000001926fc2abe0} for 'com/mysite/sbb/SbbApplicationTests' cache=0x000001926fc2ae78
 - class loader data:  loader data: 0x000001922da89300 for instance a 'jdk/internal/loader/ClassLoaders$AppClassLoader'{0x00000006012f0bb0}
 - source file:       'SbbApplicationTests.java'
 - source debug extension:       SMAP
SbbApplicationTests.java
Java
*S jdt
*F
1 SbbApplicationTests.java
2 file:/C:/Users/kmjnh/Desktop/%ed%94%84%eb%a1%9c%ea%b7%b8%eb%9e%98%eb%b0%8d/springboot/sbb/bin/test/
*L
*E

 - class annotations:       Array<T>(0x000001926fc2a7b8)
 - field annotations:       Array<T>(0x000001926fc2a5f0)
 - inner classes:     Array<T>(0x000001922e6114d0)
 - nest members:     Array<T>(0x000001922e6114d0)
 - permitted subclasses:     Array<T>(0x000001922e6114d0)
 - java mirror:       a 'java/lang/Class'{0x00000006012f14f0} = 'com/mysite/sbb/SbbApplicationTests'
 - vtable length      6  (start addr: 0x000001922f00f8c8)
 - itable length      2 (start addr: 0x000001922f00f8f8)
 - ---- static fields (0 words):
 - ---- non-static fields (1 words):
 - private 'questionRepository' 'Lcom/mysite/sbb/QuestionRepository;' @12 
 - non-static oop maps: 12-12 
R11={method} {0x000001922e0b5bd8} 'newInvokeSpecial' '(Ljava/lang/Object;)Ljava/lang/Object;' in 'java/lang/invoke/DirectMethodHandle$Holder'
R12=0x0 is null
R13=0x000000217f7fd0a8 is pointing into the stack for thread: 0x000001920de4da50
R14=0x000000217f7fd118 is pointing into the stack for thread: 0x000001920de4da50
R15=0x000001920de4da50 is a thread

Top of Stack: (sp=0x000000217f7fd0a8)
0x000000217f7fd0a8:   0000019218d091b4 000000217f7fd0b0
0x000000217f7fd0b8:   000001922e72b567 0000000000000004
0x000000217f7fd0c8:   000001922e0b1088 000001926f7b4348
0x000000217f7fd0d8:   0000000601327ae8 000001922e0b5bd0
0x000000217f7fd0e8:   000000217f7fd0a8 000000217f7fd120
0x000000217f7fd0f8:   000000217f7fd3c8 0000019211ad9983
0x000000217f7fd108:   000000061da59460 000000061da59508
0x000000217f7fd118:   000000061da594c0 000001922e853cfe
0x000000217f7fd128:   000000061da594f0 0000000000000000
0x000000217f7fd138:   000000217f7fd138 000001922ebb9cc8
0x000000217f7fd148:   0000000000000004 000001922e42daf0
0x000000217f7fd158:   0000000000000000 000000060135a408
0x000000217f7fd168:   000001922e42d630 0000000000000000
0x000000217f7fd178:   000000217f7fd198 000000217f7fd1f0
0x000000217f7fd188:   0000019218d091b4 0000000000000000
0x000000217f7fd198:   000000061da594f0 000000061f801d90
0x000000217f7fd1a8:   000000217f7fd1a8 000001922ebb9cd8
0x000000217f7fd1b8:   0000000000000004 000000061da594f0
0x000000217f7fd1c8:   000000061da1d890 0000000600000000
0x000000217f7fd1d8:   000001922e42d630 0000000000000000
0x000000217f7fd1e8:   000000217f7fd208 000000217f7fd260
0x000000217f7fd1f8:   0000019218d091b4 000000061da594c0
0x000000217f7fd208:   000000061da594f0 000000061da594f0
0x000000217f7fd218:   000000217f7fd218 000001922ebb9dee
0x000000217f7fd228:   0000000000000004 000001922e42daf0
0x000000217f7fd238:   000001926f7722c0 000000060135a408
0x000000217f7fd248:   000001922e42d6e0 0000000000000000
0x000000217f7fd258:   000000217f7fd290 000000217f7fd3c8
0x000000217f7fd268:   0000019211ad41a4 000000061da594f0
0x000000217f7fd278:   0000019211ad86c4 000000217f7fd3c8
0x000000217f7fd288:   0000019211ad4342 000000217f7fd2a8
0x000000217f7fd298:   000000217f7fd300 0000019218d095b8 

Instructions: (pc=0x0000019218d566d0)
0x0000019218d565d0:   bf d8 05 00 00 00 74 03 ff 63 38 ff 63 50 e9 1d
0x0000019218d565e0:   c0 fd ff 66 66 66 0f 1f 84 00 00 00 00 00 66 0f
0x0000019218d565f0:   1f 84 00 00 00 00 00 66 0f 1f 84 00 00 00 00 00
0x0000019218d56600:   48 8b 53 08 0f b7 52 2e 48 8b 0c d4 58 5b 50 44
0x0000019218d56610:   8b 51 08 49 bb 00 00 00 2e 92 01 00 00 4d 03 d3
0x0000019218d56620:   4c 8b 5b 10 4b 8b 9c da c0 01 00 00 48 85 db 0f
0x0000019218d56630:   84 10 00 00 00 41 80 bf d8 05 00 00 00 74 03 ff
0x0000019218d56640:   63 38 ff 63 50 e9 b6 bf fd ff 66 66 66 0f 1f 84
0x0000019218d56650:   00 00 00 00 00 66 66 66 0f 1f 84 00 00 00 00 00
0x0000019218d56660:   58 5b 50 8b 5b 24 48 c1 e3 03 48 8b 5b 10 48 85
0x0000019218d56670:   db 0f 84 10 00 00 00 41 80 bf d8 05 00 00 00 74
0x0000019218d56680:   03 ff 63 38 ff 63 50 e9 74 bf fd ff 66 66 0f 1f
0x0000019218d56690:   84 00 00 00 00 00 66 66 0f 1f 84 00 00 00 00 00
0x0000019218d566a0:   48 8b 53 08 0f b7 52 2e 48 8b 0c d4 58 5b 50 48
0x0000019218d566b0:   3b 01 8b 5b 24 48 c1 e3 03 48 8b 5b 10 48 85 db
0x0000019218d566c0:   0f 84 10 00 00 00 41 80 bf d8 05 00 00 00 74 03
0x0000019218d566d0:   ff 63 38 ff 63 50 e9 25 bf fd ff 0f 1f 44 00 00
0x0000019218d566e0:   48 8b 53 08 0f b7 52 2e 48 8b 0c d4 58 5b 50 44
0x0000019218d566f0:   8b 51 08 49 bb 00 00 00 2e 92 01 00 00 4d 03 d3
0x0000019218d56700:   8b 43 18 48 c1 e0 03 48 8b 40 10 48 8b 5b 10 45
0x0000019218d56710:   8b 9a a0 00 00 00 4f 8d 9c da c0 01 00 00 4d 8d
0x0000019218d56720:   14 da 49 8b 1b 48 3b c3 74 15 48 85 db 0f 84 32
0x0000019218d56730:   00 00 00 49 83 c3 10 49 8b 1b 48 3b c3 75 eb 45
0x0000019218d56740:   8b 5b 08 4b 8b 1c 1a 48 85 db 0f 84 10 00 00 00
0x0000019218d56750:   41 80 bf d8 05 00 00 00 74 03 ff 63 38 ff 63 50
0x0000019218d56760:   e9 9b be fd ff e9 96 bb fd ff f4 00 00 00 00 00
0x0000019218d56770:   00 00 00 00 00 00 00 00 00 00 00 00 00 00 00 00
0x0000019218d56780:   00 00 00 00 00 00 00 00 00 00 00 00 00 00 00 00
0x0000019218d56790:   00 00 00 00 00 00 00 00 00 00 00 00 00 00 00 00
0x0000019218d567a0:   00 00 00 00 00 00 00 00 00 00 00 00 00 00 00 00
0x0000019218d567b0:   00 00 00 00 00 00 00 00 00 00 00 00 00 00 00 00
0x0000019218d567c0:   00 00 00 00 00 00 00 00 00 00 00 00 00 00 00 00 


Stack slot to memory mapping:

stack at sp + 0 slots: 0x0000019218d091b4 is at code_begin+3380 in an Interpreter codelet
return entry points  [0x0000019218d08480, 0x0000019218d0a590]  8464 bytes
stack at sp + 1 slots: 0x000000217f7fd0b0 is pointing into the stack for thread: 0x000001920de4da50
stack at sp + 2 slots: 0x000001922e72b567 is pointing into metadata
stack at sp + 3 slots: 0x0000000000000004 is an unknown value
stack at sp + 4 slots: 0x000001922e0b1088 is pointing into metadata
stack at sp + 5 slots: 0x000001926f7b4348 is pointing into metadata
stack at sp + 6 slots: 0x0000000601327ae8 is an oop: java.lang.Class 
{0x0000000601327ae8} - klass: 'java/lang/Class'
 - ---- fields (total size 14 words):
 - private volatile transient 'classRedefinedCount' 'I' @12  0 (0x00000000)
 - injected 'klass' 'J' @16  1727349328992 (0x000001922e0b0c60)
 - injected 'array_klass' 'J' @24  0 (0x0000000000000000)
 - injected 'oop_size' 'I' @32  14 (0x0000000e)
 - injected 'static_oop_field_count' 'I' @36  0 (0x00000000)
 - private volatile transient 'cachedConstructor' 'Ljava/lang/reflect/Constructor;' @40  null (0x00000000)
 - private transient 'name' 'Ljava/lang/String;' @44  null (0x00000000)
 - private transient 'module' 'Ljava/lang/Module;' @48  a 'java/lang/Module'{0x0000000601302600} (0xc02604c0)
 - private final 'classLoader' 'Ljava/lang/ClassLoader;' @52  null (0x00000000)
 - private transient 'classData' 'Ljava/lang/Object;' @56  null (0x00000000)
 - private transient 'packageName' 'Ljava/lang/String;' @60  null (0x00000000)
 - private final 'componentType' 'Ljava/lang/Class;' @64  null (0x00000000)
 - private volatile transient 'reflectionData' 'Ljava/lang/ref/SoftReference;' @68  null (0x00000000)
 - private volatile transient 'genericInfo' 'Lsun/reflect/generics/repository/ClassRepository;' @72  null (0x00000000)
 - private volatile transient 'enumConstants' '[Ljava/lang/Object;' @76  null (0x00000000)
 - private volatile transient 'enumConstantDirectory' 'Ljava/util/Map;' @80  null (0x00000000)
 - private volatile transient 'annotationData' 'Ljava/lang/Class$AnnotationData;' @84  null (0x00000000)
 - private volatile transient 'annotationType' 'Lsun/reflect/annotation/AnnotationType;' @88  null (0x00000000)
 - transient 'classValueMap' 'Ljava/lang/ClassValue$ClassValueMap;' @92  null (0x00000000)
 - injected 'protection_domain' 'Ljava/lang/Object;' @96  null (0x00000000)
 - injected 'signers_name' 'Ljava/lang/Object;' @100  null (0x00000000)
 - injected 'source_file' 'Ljava/lang/Object;' @104  null (0x00000000)
 - injected '<init_lock>' 'Ljava/lang/Object;' @108  null (0x00000000)
 - signature: Ljava/lang/invoke/DirectMethodHandle$Holder;
 - ---- static fields (0):
stack at sp + 7 slots: {method} {0x000001922e0b5bd8} 'newInvokeSpecial' '(Ljava/lang/Object;)Ljava/lang/Object;' in 'java/lang/invoke/DirectMethodHandle$Holder'

MethodHandle::interpreter_entry::_linkToSpecial [0x0000019218d5668c, 0x0000019218d566db] (79 bytes)
[MachCode]
  0x0000019218d5668c: 6666 0f1f | 8400 0000 | 0000 6666 | 0f1f 8400 | 0000 0000 | 488b 5308 | 0fb7 522e | 488b 0cd4 
  0x0000019218d566ac: 585b 5048 | 3b01 8b5b | 2448 c1e3 | 0348 8b5b | 1048 85db | 0f84 1000 | 0000 4180 | bfd8 0500 
  0x0000019218d566cc: 0000 7403 | ff63 38ff | 6350 e925 | 
[/MachCode]

---------------  P R O C E S S  ---------------

Threads class SMR info:
_java_thread_list=0x0000019276c68830, length=15, elements={
0x000001920de4da50, 0x000001922d9ad580, 0x000001922d9af140, 0x000001922d9b1380,
0x000001922d9b1dd0, 0x000001922d9b2820, 0x000001922d9b3270, 0x000001922d9bf500,
0x000001922d9c28c0, 0x000001922aecc4e0, 0x000001922dbb74c0, 0x000001922dca53a0,
0x000001922dca5a20, 0x0000019273759a40, 0x00000192738d7eb0
}

Java Threads: ( => current thread )
=>0x000001920de4da50 JavaThread "main"                              [_thread_in_Java, id=16020, stack(0x000000217f700000,0x000000217f800000) (1024K)]
  0x000001922d9ad580 JavaThread "Reference Handler"          daemon [_thread_blocked, id=10304, stack(0x000000217ff00000,0x0000002180000000) (1024K)]
  0x000001922d9af140 JavaThread "Finalizer"                  daemon [_thread_blocked, id=15756, stack(0x0000002100000000,0x0000002100100000) (1024K)]
  0x000001922d9b1380 JavaThread "Signal Dispatcher"          daemon [_thread_blocked, id=8608, stack(0x0000002100100000,0x0000002100200000) (1024K)]
  0x000001922d9b1dd0 JavaThread "Attach Listener"            daemon [_thread_blocked, id=17760, stack(0x0000002100200000,0x0000002100300000) (1024K)]
  0x000001922d9b2820 JavaThread "Service Thread"             daemon [_thread_blocked, id=17924, stack(0x0000002100300000,0x0000002100400000) (1024K)]
  0x000001922d9b3270 JavaThread "Monitor Deflation Thread"   daemon [_thread_blocked, id=16940, stack(0x0000002100400000,0x0000002100500000) (1024K)]
  0x000001922d9bf500 JavaThread "C2 CompilerThread0"         daemon [_thread_blocked, id=8328, stack(0x0000002100500000,0x0000002100600000) (1024K)]
  0x000001922d9c28c0 JavaThread "C1 CompilerThread0"         daemon [_thread_blocked, id=15992, stack(0x0000002100600000,0x0000002100700000) (1024K)]
  0x000001922aecc4e0 JavaThread "Common-Cleaner"             daemon [_thread_blocked, id=6648, stack(0x0000002100700000,0x0000002100800000) (1024K)]
  0x000001922dbb74c0 JavaThread "JDWP Transport Listener: dt_socket" daemon [_thread_blocked, id=9624, stack(0x0000002100800000,0x0000002100900000) (1024K)]
  0x000001922dca53a0 JavaThread "JDWP Event Helper Thread"   daemon [_thread_blocked, id=2916, stack(0x0000002100900000,0x0000002100a00000) (1024K)]
  0x000001922dca5a20 JavaThread "JDWP Command Reader"        daemon [_thread_in_native, id=17872, stack(0x0000002100a00000,0x0000002100b00000) (1024K)]
  0x0000019273759a40 JavaThread "Notification Thread"        daemon [_thread_blocked, id=10780, stack(0x0000002100c00000,0x0000002100d00000) (1024K)]
  0x00000192738d7eb0 JavaThread "ReaderThread"                      [_thread_in_native, id=17960, stack(0x0000002100d00000,0x0000002100e00000) (1024K)]
Total: 15

Other Threads:
  0x000001922aedea10 VMThread "VM Thread"                           [id=11804, stack(0x000000217fe00000,0x000000217ff00000) (1024K)]
  0x000001922aecb0f0 WatcherThread "VM Periodic Task Thread"        [id=8696, stack(0x000000217fd00000,0x000000217fe00000) (1024K)]
  0x000001920def4c00 WorkerThread "GC Thread#0"                     [id=4424, stack(0x000000217f800000,0x000000217f900000) (1024K)]
  0x000001927386dc30 WorkerThread "GC Thread#1"                     [id=12256, stack(0x0000002100e00000,0x0000002100f00000) (1024K)]
  0x000001927386dfd0 WorkerThread "GC Thread#2"                     [id=17672, stack(0x0000002100f00000,0x0000002101000000) (1024K)]
  0x0000019273d43ab0 WorkerThread "GC Thread#3"                     [id=14420, stack(0x0000002101000000,0x0000002101100000) (1024K)]
  0x0000019273d43e50 WorkerThread "GC Thread#4"                     [id=8648, stack(0x0000002101100000,0x0000002101200000) (1024K)]
  0x0000019273d44600 WorkerThread "GC Thread#5"                     [id=12316, stack(0x0000002101200000,0x0000002101300000) (1024K)]
  0x00000192737712c0 WorkerThread "GC Thread#6"                     [id=10048, stack(0x0000002101300000,0x0000002101400000) (1024K)]
  0x0000019273df55b0 WorkerThread "GC Thread#7"                     [id=1732, stack(0x0000002101400000,0x0000002101500000) (1024K)]
  0x0000019273df6090 WorkerThread "GC Thread#8"                     [id=17780, stack(0x0000002101500000,0x0000002101600000) (1024K)]
  0x0000019273df6430 WorkerThread "GC Thread#9"                     [id=12980, stack(0x0000002101600000,0x0000002101700000) (1024K)]
  0x000001920defeb50 ConcurrentGCThread "G1 Main Marker"            [id=3500, stack(0x000000217f900000,0x000000217fa00000) (1024K)]
  0x000001922ace4070 WorkerThread "G1 Conc#0"                       [id=8724, stack(0x000000217fa00000,0x000000217fb00000) (1024K)]
  0x000001922ad85e20 ConcurrentGCThread "G1 Refine#0"               [id=17856, stack(0x000000217fb00000,0x000000217fc00000) (1024K)]
  0x000001922ad867a0 ConcurrentGCThread "G1 Service"                [id=3032, stack(0x000000217fc00000,0x000000217fd00000) (1024K)]
Total: 16

Threads with active compile tasks:
Total: 0

VM state: not at safepoint (normal execution)

VM Mutex/Monitor currently owned by a thread: None

Heap address: 0x0000000601000000, size: 8176 MB, Compressed Oops mode: Zero based, Oop shift amount: 3

CDS archive(s) mapped at: [0x000001922e000000-0x000001922ec80000-0x000001922ec80000), size 13107200, SharedBaseAddress: 0x000001922e000000, ArchiveRelocationMode: 1.
Compressed class space mapped at: 0x000001922f000000-0x000001926f000000, reserved size: 1073741824
Narrow klass base: 0x000001922e000000, Narrow klass shift: 0, Narrow klass range: 0x100000000

GC Precious Log:
 CardTable entry size: 512
 Card Set container configuration: InlinePtr #cards 4 size 8 Array Of Cards #cards 32 size 80 Howl #buckets 8 coarsen threshold 7372 Howl Bitmap #cards 1024 size 144 coarsen threshold 921 Card regions per heap region 1 cards per card region 8192
 CPUs: 12 total, 12 available
 Memory: 32693M
 Large Page Support: Disabled
 NUMA Support: Disabled
 Compressed Oops: Enabled (Zero based)
 Heap Region Size: 4M
 Heap Min Capacity: 8M
 Heap Initial Capacity: 512M
 Heap Max Capacity: 8176M
 Pre-touch: Disabled
 Parallel Workers: 10
 Concurrent Workers: 3
 Concurrent Refinement Workers: 10
 Periodic GC: Disabled

Heap:
 garbage-first heap   total 524288K, used 57111K [0x0000000601000000, 0x0000000800000000)
  region size 4096K, 14 young (57344K), 1 survivors (4096K)
 Metaspace       used 13181K, committed 13440K, reserved 1114112K
  class space    used 1538K, committed 1664K, reserved 1048576K

Heap Regions: E=young(eden), S=young(survivor), O=old, HS=humongous(starts), HC=humongous(continues), CS=collection set, F=free, TAMS=top-at-mark-start, PB=parsable bottom
|   0|0x0000000601000000, 0x0000000601400000, 0x0000000601400000|100%| O|  |TAMS 0x0000000601000000| PB 0x0000000601000000| Untracked 
|   1|0x0000000601400000, 0x000000060170ce98, 0x0000000601800000| 76%| O|  |TAMS 0x0000000601400000| PB 0x0000000601400000| Untracked 
|   2|0x0000000601800000, 0x0000000601800000, 0x0000000601c00000|  0%| F|  |TAMS 0x0000000601800000| PB 0x0000000601800000| Untracked 
|   3|0x0000000601c00000, 0x0000000601c00000, 0x0000000602000000|  0%| F|  |TAMS 0x0000000601c00000| PB 0x0000000601c00000| Untracked 
|   4|0x0000000602000000, 0x0000000602000000, 0x0000000602400000|  0%| F|  |TAMS 0x0000000602000000| PB 0x0000000602000000| Untracked 
|   5|0x0000000602400000, 0x0000000602400000, 0x0000000602800000|  0%| F|  |TAMS 0x0000000602400000| PB 0x0000000602400000| Untracked 
|   6|0x0000000602800000, 0x0000000602800000, 0x0000000602c00000|  0%| F|  |TAMS 0x0000000602800000| PB 0x0000000602800000| Untracked 
|   7|0x0000000602c00000, 0x0000000602c00000, 0x0000000603000000|  0%| F|  |TAMS 0x0000000602c00000| PB 0x0000000602c00000| Untracked 
|   8|0x0000000603000000, 0x0000000603000000, 0x0000000603400000|  0%| F|  |TAMS 0x0000000603000000| PB 0x0000000603000000| Untracked 
|   9|0x0000000603400000, 0x0000000603400000, 0x0000000603800000|  0%| F|  |TAMS 0x0000000603400000| PB 0x0000000603400000| Untracked 
|  10|0x0000000603800000, 0x0000000603800000, 0x0000000603c00000|  0%| F|  |TAMS 0x0000000603800000| PB 0x0000000603800000| Untracked 
|  11|0x0000000603c00000, 0x0000000603c00000, 0x0000000604000000|  0%| F|  |TAMS 0x0000000603c00000| PB 0x0000000603c00000| Untracked 
|  12|0x0000000604000000, 0x0000000604000000, 0x0000000604400000|  0%| F|  |TAMS 0x0000000604000000| PB 0x0000000604000000| Untracked 
|  13|0x0000000604400000, 0x0000000604400000, 0x0000000604800000|  0%| F|  |TAMS 0x0000000604400000| PB 0x0000000604400000| Untracked 
|  14|0x0000000604800000, 0x0000000604800000, 0x0000000604c00000|  0%| F|  |TAMS 0x0000000604800000| PB 0x0000000604800000| Untracked 
|  15|0x0000000604c00000, 0x0000000604c00000, 0x0000000605000000|  0%| F|  |TAMS 0x0000000604c00000| PB 0x0000000604c00000| Untracked 
|  16|0x0000000605000000, 0x0000000605000000, 0x0000000605400000|  0%| F|  |TAMS 0x0000000605000000| PB 0x0000000605000000| Untracked 
|  17|0x0000000605400000, 0x0000000605400000, 0x0000000605800000|  0%| F|  |TAMS 0x0000000605400000| PB 0x0000000605400000| Untracked 
|  18|0x0000000605800000, 0x0000000605800000, 0x0000000605c00000|  0%| F|  |TAMS 0x0000000605800000| PB 0x0000000605800000| Untracked 
|  19|0x0000000605c00000, 0x0000000605c00000, 0x0000000606000000|  0%| F|  |TAMS 0x0000000605c00000| PB 0x0000000605c00000| Untracked 
|  20|0x0000000606000000, 0x0000000606000000, 0x0000000606400000|  0%| F|  |TAMS 0x0000000606000000| PB 0x0000000606000000| Untracked 
|  21|0x0000000606400000, 0x0000000606400000, 0x0000000606800000|  0%| F|  |TAMS 0x0000000606400000| PB 0x0000000606400000| Untracked 
|  22|0x0000000606800000, 0x0000000606800000, 0x0000000606c00000|  0%| F|  |TAMS 0x0000000606800000| PB 0x0000000606800000| Untracked 
|  23|0x0000000606c00000, 0x0000000606c00000, 0x0000000607000000|  0%| F|  |TAMS 0x0000000606c00000| PB 0x0000000606c00000| Untracked 
|  24|0x0000000607000000, 0x0000000607000000, 0x0000000607400000|  0%| F|  |TAMS 0x0000000607000000| PB 0x0000000607000000| Untracked 
|  25|0x0000000607400000, 0x0000000607400000, 0x0000000607800000|  0%| F|  |TAMS 0x0000000607400000| PB 0x0000000607400000| Untracked 
|  26|0x0000000607800000, 0x0000000607800000, 0x0000000607c00000|  0%| F|  |TAMS 0x0000000607800000| PB 0x0000000607800000| Untracked 
|  27|0x0000000607c00000, 0x0000000607c00000, 0x0000000608000000|  0%| F|  |TAMS 0x0000000607c00000| PB 0x0000000607c00000| Untracked 
|  28|0x0000000608000000, 0x0000000608000000, 0x0000000608400000|  0%| F|  |TAMS 0x0000000608000000| PB 0x0000000608000000| Untracked 
|  29|0x0000000608400000, 0x0000000608400000, 0x0000000608800000|  0%| F|  |TAMS 0x0000000608400000| PB 0x0000000608400000| Untracked 
|  30|0x0000000608800000, 0x0000000608800000, 0x0000000608c00000|  0%| F|  |TAMS 0x0000000608800000| PB 0x0000000608800000| Untracked 
|  31|0x0000000608c00000, 0x0000000608c00000, 0x0000000609000000|  0%| F|  |TAMS 0x0000000608c00000| PB 0x0000000608c00000| Untracked 
|  32|0x0000000609000000, 0x0000000609000000, 0x0000000609400000|  0%| F|  |TAMS 0x0000000609000000| PB 0x0000000609000000| Untracked 
|  33|0x0000000609400000, 0x0000000609400000, 0x0000000609800000|  0%| F|  |TAMS 0x0000000609400000| PB 0x0000000609400000| Untracked 
|  34|0x0000000609800000, 0x0000000609800000, 0x0000000609c00000|  0%| F|  |TAMS 0x0000000609800000| PB 0x0000000609800000| Untracked 
|  35|0x0000000609c00000, 0x0000000609c00000, 0x000000060a000000|  0%| F|  |TAMS 0x0000000609c00000| PB 0x0000000609c00000| Untracked 
|  36|0x000000060a000000, 0x000000060a000000, 0x000000060a400000|  0%| F|  |TAMS 0x000000060a000000| PB 0x000000060a000000| Untracked 
|  37|0x000000060a400000, 0x000000060a400000, 0x000000060a800000|  0%| F|  |TAMS 0x000000060a400000| PB 0x000000060a400000| Untracked 
|  38|0x000000060a800000, 0x000000060a800000, 0x000000060ac00000|  0%| F|  |TAMS 0x000000060a800000| PB 0x000000060a800000| Untracked 
|  39|0x000000060ac00000, 0x000000060ac00000, 0x000000060b000000|  0%| F|  |TAMS 0x000000060ac00000| PB 0x000000060ac00000| Untracked 
|  40|0x000000060b000000, 0x000000060b000000, 0x000000060b400000|  0%| F|  |TAMS 0x000000060b000000| PB 0x000000060b000000| Untracked 
|  41|0x000000060b400000, 0x000000060b400000, 0x000000060b800000|  0%| F|  |TAMS 0x000000060b400000| PB 0x000000060b400000| Untracked 
|  42|0x000000060b800000, 0x000000060b800000, 0x000000060bc00000|  0%| F|  |TAMS 0x000000060b800000| PB 0x000000060b800000| Untracked 
|  43|0x000000060bc00000, 0x000000060bc00000, 0x000000060c000000|  0%| F|  |TAMS 0x000000060bc00000| PB 0x000000060bc00000| Untracked 
|  44|0x000000060c000000, 0x000000060c000000, 0x000000060c400000|  0%| F|  |TAMS 0x000000060c000000| PB 0x000000060c000000| Untracked 
|  45|0x000000060c400000, 0x000000060c400000, 0x000000060c800000|  0%| F|  |TAMS 0x000000060c400000| PB 0x000000060c400000| Untracked 
|  46|0x000000060c800000, 0x000000060c800000, 0x000000060cc00000|  0%| F|  |TAMS 0x000000060c800000| PB 0x000000060c800000| Untracked 
|  47|0x000000060cc00000, 0x000000060cc00000, 0x000000060d000000|  0%| F|  |TAMS 0x000000060cc00000| PB 0x000000060cc00000| Untracked 
|  48|0x000000060d000000, 0x000000060d000000, 0x000000060d400000|  0%| F|  |TAMS 0x000000060d000000| PB 0x000000060d000000| Untracked 
|  49|0x000000060d400000, 0x000000060d400000, 0x000000060d800000|  0%| F|  |TAMS 0x000000060d400000| PB 0x000000060d400000| Untracked 
|  50|0x000000060d800000, 0x000000060d800000, 0x000000060dc00000|  0%| F|  |TAMS 0x000000060d800000| PB 0x000000060d800000| Untracked 
|  51|0x000000060dc00000, 0x000000060dc00000, 0x000000060e000000|  0%| F|  |TAMS 0x000000060dc00000| PB 0x000000060dc00000| Untracked 
|  52|0x000000060e000000, 0x000000060e000000, 0x000000060e400000|  0%| F|  |TAMS 0x000000060e000000| PB 0x000000060e000000| Untracked 
|  53|0x000000060e400000, 0x000000060e400000, 0x000000060e800000|  0%| F|  |TAMS 0x000000060e400000| PB 0x000000060e400000| Untracked 
|  54|0x000000060e800000, 0x000000060e800000, 0x000000060ec00000|  0%| F|  |TAMS 0x000000060e800000| PB 0x000000060e800000| Untracked 
|  55|0x000000060ec00000, 0x000000060ec00000, 0x000000060f000000|  0%| F|  |TAMS 0x000000060ec00000| PB 0x000000060ec00000| Untracked 
|  56|0x000000060f000000, 0x000000060f000000, 0x000000060f400000|  0%| F|  |TAMS 0x000000060f000000| PB 0x000000060f000000| Untracked 
|  57|0x000000060f400000, 0x000000060f400000, 0x000000060f800000|  0%| F|  |TAMS 0x000000060f400000| PB 0x000000060f400000| Untracked 
|  58|0x000000060f800000, 0x000000060f800000, 0x000000060fc00000|  0%| F|  |TAMS 0x000000060f800000| PB 0x000000060f800000| Untracked 
|  59|0x000000060fc00000, 0x000000060fc00000, 0x0000000610000000|  0%| F|  |TAMS 0x000000060fc00000| PB 0x000000060fc00000| Untracked 
|  60|0x0000000610000000, 0x0000000610000000, 0x0000000610400000|  0%| F|  |TAMS 0x0000000610000000| PB 0x0000000610000000| Untracked 
|  61|0x0000000610400000, 0x0000000610400000, 0x0000000610800000|  0%| F|  |TAMS 0x0000000610400000| PB 0x0000000610400000| Untracked 
|  62|0x0000000610800000, 0x0000000610800000, 0x0000000610c00000|  0%| F|  |TAMS 0x0000000610800000| PB 0x0000000610800000| Untracked 
|  63|0x0000000610c00000, 0x0000000610c00000, 0x0000000611000000|  0%| F|  |TAMS 0x0000000610c00000| PB 0x0000000610c00000| Untracked 
|  64|0x0000000611000000, 0x0000000611000000, 0x0000000611400000|  0%| F|  |TAMS 0x0000000611000000| PB 0x0000000611000000| Untracked 
|  65|0x0000000611400000, 0x0000000611400000, 0x0000000611800000|  0%| F|  |TAMS 0x0000000611400000| PB 0x0000000611400000| Untracked 
|  66|0x0000000611800000, 0x0000000611800000, 0x0000000611c00000|  0%| F|  |TAMS 0x0000000611800000| PB 0x0000000611800000| Untracked 
|  67|0x0000000611c00000, 0x0000000611c00000, 0x0000000612000000|  0%| F|  |TAMS 0x0000000611c00000| PB 0x0000000611c00000| Untracked 
|  68|0x0000000612000000, 0x0000000612000000, 0x0000000612400000|  0%| F|  |TAMS 0x0000000612000000| PB 0x0000000612000000| Untracked 
|  69|0x0000000612400000, 0x0000000612400000, 0x0000000612800000|  0%| F|  |TAMS 0x0000000612400000| PB 0x0000000612400000| Untracked 
|  70|0x0000000612800000, 0x0000000612800000, 0x0000000612c00000|  0%| F|  |TAMS 0x0000000612800000| PB 0x0000000612800000| Untracked 
|  71|0x0000000612c00000, 0x0000000612c00000, 0x0000000613000000|  0%| F|  |TAMS 0x0000000612c00000| PB 0x0000000612c00000| Untracked 
|  72|0x0000000613000000, 0x0000000613000000, 0x0000000613400000|  0%| F|  |TAMS 0x0000000613000000| PB 0x0000000613000000| Untracked 
|  73|0x0000000613400000, 0x0000000613400000, 0x0000000613800000|  0%| F|  |TAMS 0x0000000613400000| PB 0x0000000613400000| Untracked 
|  74|0x0000000613800000, 0x0000000613800000, 0x0000000613c00000|  0%| F|  |TAMS 0x0000000613800000| PB 0x0000000613800000| Untracked 
|  75|0x0000000613c00000, 0x0000000613c00000, 0x0000000614000000|  0%| F|  |TAMS 0x0000000613c00000| PB 0x0000000613c00000| Untracked 
|  76|0x0000000614000000, 0x0000000614000000, 0x0000000614400000|  0%| F|  |TAMS 0x0000000614000000| PB 0x0000000614000000| Untracked 
|  77|0x0000000614400000, 0x0000000614400000, 0x0000000614800000|  0%| F|  |TAMS 0x0000000614400000| PB 0x0000000614400000| Untracked 
|  78|0x0000000614800000, 0x0000000614800000, 0x0000000614c00000|  0%| F|  |TAMS 0x0000000614800000| PB 0x0000000614800000| Untracked 
|  79|0x0000000614c00000, 0x0000000614c00000, 0x0000000615000000|  0%| F|  |TAMS 0x0000000614c00000| PB 0x0000000614c00000| Untracked 
|  80|0x0000000615000000, 0x0000000615000000, 0x0000000615400000|  0%| F|  |TAMS 0x0000000615000000| PB 0x0000000615000000| Untracked 
|  81|0x0000000615400000, 0x0000000615400000, 0x0000000615800000|  0%| F|  |TAMS 0x0000000615400000| PB 0x0000000615400000| Untracked 
|  82|0x0000000615800000, 0x0000000615800000, 0x0000000615c00000|  0%| F|  |TAMS 0x0000000615800000| PB 0x0000000615800000| Untracked 
|  83|0x0000000615c00000, 0x0000000615c00000, 0x0000000616000000|  0%| F|  |TAMS 0x0000000615c00000| PB 0x0000000615c00000| Untracked 
|  84|0x0000000616000000, 0x0000000616000000, 0x0000000616400000|  0%| F|  |TAMS 0x0000000616000000| PB 0x0000000616000000| Untracked 
|  85|0x0000000616400000, 0x0000000616400000, 0x0000000616800000|  0%| F|  |TAMS 0x0000000616400000| PB 0x0000000616400000| Untracked 
|  86|0x0000000616800000, 0x0000000616800000, 0x0000000616c00000|  0%| F|  |TAMS 0x0000000616800000| PB 0x0000000616800000| Untracked 
|  87|0x0000000616c00000, 0x0000000616c00000, 0x0000000617000000|  0%| F|  |TAMS 0x0000000616c00000| PB 0x0000000616c00000| Untracked 
|  88|0x0000000617000000, 0x0000000617000000, 0x0000000617400000|  0%| F|  |TAMS 0x0000000617000000| PB 0x0000000617000000| Untracked 
|  89|0x0000000617400000, 0x0000000617400000, 0x0000000617800000|  0%| F|  |TAMS 0x0000000617400000| PB 0x0000000617400000| Untracked 
|  90|0x0000000617800000, 0x0000000617800000, 0x0000000617c00000|  0%| F|  |TAMS 0x0000000617800000| PB 0x0000000617800000| Untracked 
|  91|0x0000000617c00000, 0x0000000617c00000, 0x0000000618000000|  0%| F|  |TAMS 0x0000000617c00000| PB 0x0000000617c00000| Untracked 
|  92|0x0000000618000000, 0x0000000618000000, 0x0000000618400000|  0%| F|  |TAMS 0x0000000618000000| PB 0x0000000618000000| Untracked 
|  93|0x0000000618400000, 0x0000000618400000, 0x0000000618800000|  0%| F|  |TAMS 0x0000000618400000| PB 0x0000000618400000| Untracked 
|  94|0x0000000618800000, 0x0000000618800000, 0x0000000618c00000|  0%| F|  |TAMS 0x0000000618800000| PB 0x0000000618800000| Untracked 
|  95|0x0000000618c00000, 0x0000000618c00000, 0x0000000619000000|  0%| F|  |TAMS 0x0000000618c00000| PB 0x0000000618c00000| Untracked 
|  96|0x0000000619000000, 0x0000000619000000, 0x0000000619400000|  0%| F|  |TAMS 0x0000000619000000| PB 0x0000000619000000| Untracked 
|  97|0x0000000619400000, 0x0000000619400000, 0x0000000619800000|  0%| F|  |TAMS 0x0000000619400000| PB 0x0000000619400000| Untracked 
|  98|0x0000000619800000, 0x0000000619800000, 0x0000000619c00000|  0%| F|  |TAMS 0x0000000619800000| PB 0x0000000619800000| Untracked 
|  99|0x0000000619c00000, 0x0000000619c00000, 0x000000061a000000|  0%| F|  |TAMS 0x0000000619c00000| PB 0x0000000619c00000| Untracked 
| 100|0x000000061a000000, 0x000000061a000000, 0x000000061a400000|  0%| F|  |TAMS 0x000000061a000000| PB 0x000000061a000000| Untracked 
| 101|0x000000061a400000, 0x000000061a400000, 0x000000061a800000|  0%| F|  |TAMS 0x000000061a400000| PB 0x000000061a400000| Untracked 
| 102|0x000000061a800000, 0x000000061a800000, 0x000000061ac00000|  0%| F|  |TAMS 0x000000061a800000| PB 0x000000061a800000| Untracked 
| 103|0x000000061ac00000, 0x000000061ac00000, 0x000000061b000000|  0%| F|  |TAMS 0x000000061ac00000| PB 0x000000061ac00000| Untracked 
| 104|0x000000061b000000, 0x000000061b000000, 0x000000061b400000|  0%| F|  |TAMS 0x000000061b000000| PB 0x000000061b000000| Untracked 
| 105|0x000000061b400000, 0x000000061b400000, 0x000000061b800000|  0%| F|  |TAMS 0x000000061b400000| PB 0x000000061b400000| Untracked 
| 106|0x000000061b800000, 0x000000061b800000, 0x000000061bc00000|  0%| F|  |TAMS 0x000000061b800000| PB 0x000000061b800000| Untracked 
| 107|0x000000061bc00000, 0x000000061bc00000, 0x000000061c000000|  0%| F|  |TAMS 0x000000061bc00000| PB 0x000000061bc00000| Untracked 
| 108|0x000000061c000000, 0x000000061c000000, 0x000000061c400000|  0%| F|  |TAMS 0x000000061c000000| PB 0x000000061c000000| Untracked 
| 109|0x000000061c400000, 0x000000061c400000, 0x000000061c800000|  0%| F|  |TAMS 0x000000061c400000| PB 0x000000061c400000| Untracked 
| 110|0x000000061c800000, 0x000000061c800000, 0x000000061cc00000|  0%| F|  |TAMS 0x000000061c800000| PB 0x000000061c800000| Untracked 
| 111|0x000000061cc00000, 0x000000061cc00000, 0x000000061d000000|  0%| F|  |TAMS 0x000000061cc00000| PB 0x000000061cc00000| Untracked 
| 112|0x000000061d000000, 0x000000061d000000, 0x000000061d400000|  0%| F|  |TAMS 0x000000061d000000| PB 0x000000061d000000| Untracked 
| 113|0x000000061d400000, 0x000000061d400000, 0x000000061d800000|  0%| F|  |TAMS 0x000000061d400000| PB 0x000000061d400000| Untracked 
| 114|0x000000061d800000, 0x000000061da91128, 0x000000061dc00000| 64%| E|  |TAMS 0x000000061d800000| PB 0x000000061d800000| Complete 
| 115|0x000000061dc00000, 0x000000061e000000, 0x000000061e000000|100%| E|CS|TAMS 0x000000061dc00000| PB 0x000000061dc00000| Complete 
| 116|0x000000061e000000, 0x000000061e400000, 0x000000061e400000|100%| E|CS|TAMS 0x000000061e000000| PB 0x000000061e000000| Complete 
| 117|0x000000061e400000, 0x000000061e800000, 0x000000061e800000|100%| E|CS|TAMS 0x000000061e400000| PB 0x000000061e400000| Complete 
| 118|0x000000061e800000, 0x000000061ec00000, 0x000000061ec00000|100%| E|CS|TAMS 0x000000061e800000| PB 0x000000061e800000| Complete 
| 119|0x000000061ec00000, 0x000000061f000000, 0x000000061f000000|100%| E|CS|TAMS 0x000000061ec00000| PB 0x000000061ec00000| Complete 
| 120|0x000000061f000000, 0x000000061f400000, 0x000000061f400000|100%| E|CS|TAMS 0x000000061f000000| PB 0x000000061f000000| Complete 
| 121|0x000000061f400000, 0x000000061f800000, 0x000000061f800000|100%| E|CS|TAMS 0x000000061f400000| PB 0x000000061f400000| Complete 
| 122|0x000000061f800000, 0x000000061f8b9028, 0x000000061fc00000| 18%| S|CS|TAMS 0x000000061f800000| PB 0x000000061f800000| Complete 
| 123|0x000000061fc00000, 0x0000000620000000, 0x0000000620000000|100%| E|CS|TAMS 0x000000061fc00000| PB 0x000000061fc00000| Complete 
| 124|0x0000000620000000, 0x0000000620400000, 0x0000000620400000|100%| E|CS|TAMS 0x0000000620000000| PB 0x0000000620000000| Complete 
| 125|0x0000000620400000, 0x0000000620800000, 0x0000000620800000|100%| E|CS|TAMS 0x0000000620400000| PB 0x0000000620400000| Complete 
| 126|0x0000000620800000, 0x0000000620c00000, 0x0000000620c00000|100%| E|CS|TAMS 0x0000000620800000| PB 0x0000000620800000| Complete 
| 127|0x0000000620c00000, 0x0000000621000000, 0x0000000621000000|100%| E|CS|TAMS 0x0000000620c00000| PB 0x0000000620c00000| Complete 

Card table byte_map: [0x0000019221d20000,0x0000019222d20000] _byte_map_base: 0x000001921ed18000

Marking Bits: (CMBitMap*) 0x000001920def5110
 Bits: [0x0000019222d20000, 0x000001922ace0000)

Polling page: 0x000001920bbb0000

Metaspace:

Usage:
  Non-class:     11.37 MB used.
      Class:      1.50 MB used.
       Both:     12.87 MB used.

Virtual space:
  Non-class space:       64.00 MB reserved,      11.50 MB ( 18%) committed,  1 nodes.
      Class space:        1.00 GB reserved,       1.62 MB ( <1%) committed,  1 nodes.
             Both:        1.06 GB reserved,      13.12 MB (  1%) committed. 

Chunk freelists:
   Non-Class:  3.83 MB
       Class:  14.32 MB
        Both:  18.15 MB

MaxMetaspaceSize: unlimited
CompressedClassSpaceSize: 1.00 GB
Initial GC threshold: 21.00 MB
Current GC threshold: 21.00 MB
CDS: on
 - commit_granule_bytes: 65536.
 - commit_granule_words: 8192.
 - virtual_space_node_default_size: 8388608.
 - enlarge_chunks_in_place: 1.
 - use_allocation_guard: 0.


Internal statistics:

num_allocs_failed_limit: 0.
num_arena_births: 226.
num_arena_deaths: 0.
num_vsnodes_births: 2.
num_vsnodes_deaths: 0.
num_space_committed: 210.
num_space_uncommitted: 0.
num_chunks_returned_to_freelist: 0.
num_chunks_taken_from_freelist: 640.
num_chunk_merges: 0.
num_chunk_splits: 378.
num_chunks_enlarged: 244.
num_inconsistent_stats: 0.

CodeHeap 'non-profiled nmethods': size=120000Kb used=1159Kb max_used=1159Kb free=118840Kb
 bounds [0x00000192192a0000, 0x0000019219510000, 0x00000192207d0000]
CodeHeap 'profiled nmethods': size=120000Kb used=4170Kb max_used=4170Kb free=115829Kb
 bounds [0x00000192117d0000, 0x0000019211bf0000, 0x0000019218d00000]
CodeHeap 'non-nmethods': size=5760Kb used=1476Kb max_used=1541Kb free=4283Kb
 bounds [0x0000019218d00000, 0x0000019218f70000, 0x00000192192a0000]
 total_blobs=2545 nmethods=2042 adapters=407
 compilation: enabled
              stopped_count=0, restarted_count=0
 full_count=0

Compilation events (20 events):
Event: 0.999 Thread 0x000001922d9c0d80 2028       4       jdk.internal.org.objectweb.asm.Frame::execute (2305 bytes)
Event: 0.999 Thread 0x000001922d9c28c0 2034       3       java.lang.invoke.DelegatingMethodHandle::<init> (10 bytes)
Event: 0.999 Thread 0x000001922d9c28c0 nmethod 2034 0x0000019211bdeb10 code [0x0000019211bdece0, 0x0000019211bdf0c8]
Event: 0.999 Thread 0x000001922d9c28c0 2035       3       java.lang.invoke.DelegatingMethodHandle::chooseDelegatingForm (24 bytes)
Event: 0.999 Thread 0x000001922d9c28c0 nmethod 2035 0x0000019211bdf210 code [0x0000019211bdf3e0, 0x0000019211bdf710]
Event: 0.999 Thread 0x000001922d9c28c0 2036   !   3       jdk.proxy1.$Proxy2::annotationType (29 bytes)
Event: 1.000 Thread 0x000001922d9c28c0 nmethod 2036 0x0000019211bdf810 code [0x0000019211bdfa00, 0x0000019211bdfe68]
Event: 1.000 Thread 0x000001922d9c28c0 2037       3       java.util.LinkedHashMap::valuesToArray (80 bytes)
Event: 1.000 Thread 0x000001922d9c28c0 nmethod 2037 0x0000019211be0090 code [0x0000019211be0280, 0x0000019211be08c8]
Event: 1.000 Thread 0x000001922d9c28c0 2038       3       java.util.stream.ReferencePipeline::<init> (7 bytes)
Event: 1.000 Thread 0x000001922d9c28c0 nmethod 2038 0x0000019211be0b10 code [0x0000019211be0cc0, 0x0000019211be0e18]
Event: 1.000 Thread 0x000001922d9c28c0 2039       3       java.util.stream.AbstractPipeline::<init> (91 bytes)
Event: 1.000 Thread 0x000001922d9c28c0 nmethod 2039 0x0000019211be0f10 code [0x0000019211be1120, 0x0000019211be17b8]
Event: 1.000 Thread 0x000001922d9c28c0 2040       3       java.util.stream.Sink$ChainedReference::<init> (16 bytes)
Event: 1.000 Thread 0x000001922d9c28c0 nmethod 2040 0x0000019211be1a10 code [0x0000019211be1be0, 0x0000019211be2020]
Event: 1.002 Thread 0x000001922d9c28c0 2042       3       java.lang.invoke.DirectMethodHandle$Holder::invokeStatic (15 bytes)
Event: 1.002 Thread 0x000001922d9c28c0 nmethod 2042 0x0000019211be2190 code [0x0000019211be2360, 0x0000019211be28d8]
Event: 1.015 Thread 0x000001922d9bf500 nmethod 1764 0x00000192193a2490 code [0x00000192193a2d80, 0x00000192193af7c8]
Event: 1.017 Thread 0x000001922d9c0d80 nmethod 2028 0x00000192193b6810 code [0x00000192193b7620, 0x00000192193b9360]
Event: 1.056 Thread 0x000001922d9c1b20 nmethod 2012 0x00000192193bb010 code [0x00000192193bb4a0, 0x00000192193bfac8]

GC Heap History (4 events):
Event: 0.506 GC heap before
{Heap before GC invocations=0 (full 0):
 garbage-first heap   total 524288K, used 20480K [0x0000000601000000, 0x0000000800000000)
  region size 4096K, 6 young (24576K), 0 survivors (0K)
 Metaspace       used 4423K, committed 4608K, reserved 1114112K
  class space    used 423K, committed 512K, reserved 1048576K
}
Event: 0.508 GC heap after
{Heap after GC invocations=1 (full 0):
 garbage-first heap   total 524288K, used 7106K [0x0000000601000000, 0x0000000800000000)
  region size 4096K, 1 young (4096K), 1 survivors (4096K)
 Metaspace       used 4423K, committed 4608K, reserved 1114112K
  class space    used 423K, committed 512K, reserved 1048576K
}
Event: 0.656 GC heap before
{Heap before GC invocations=1 (full 0):
 garbage-first heap   total 524288K, used 27586K [0x0000000601000000, 0x0000000800000000)
  region size 4096K, 6 young (24576K), 1 survivors (4096K)
 Metaspace       used 7124K, committed 7296K, reserved 1114112K
  class space    used 794K, committed 896K, reserved 1048576K
}
Event: 0.658 GC heap after
{Heap after GC invocations=2 (full 0):
 garbage-first heap   total 524288K, used 7959K [0x0000000601000000, 0x0000000800000000)
  region size 4096K, 1 young (4096K), 1 survivors (4096K)
 Metaspace       used 7124K, committed 7296K, reserved 1114112K
  class space    used 794K, committed 896K, reserved 1048576K
}

Dll operation events (9 events):
Event: 0.017 Loaded shared library C:\sts-4.28.1.RELEASE\plugins\org.eclipse.justj.openjdk.hotspot.jre.full.win32.x86_64_21.0.6.v20250130-0529\jre\bin\java.dll
Event: 0.033 Loaded shared library C:\sts-4.28.1.RELEASE\plugins\org.eclipse.justj.openjdk.hotspot.jre.full.win32.x86_64_21.0.6.v20250130-0529\jre\bin\zip.dll
Event: 0.245 Loaded shared library C:\sts-4.28.1.RELEASE\plugins\org.eclipse.justj.openjdk.hotspot.jre.full.win32.x86_64_21.0.6.v20250130-0529\jre\bin\instrument.dll
Event: 0.249 Loaded shared library C:\sts-4.28.1.RELEASE\plugins\org.eclipse.justj.openjdk.hotspot.jre.full.win32.x86_64_21.0.6.v20250130-0529\jre\bin\net.dll
Event: 0.250 Loaded shared library C:\sts-4.28.1.RELEASE\plugins\org.eclipse.justj.openjdk.hotspot.jre.full.win32.x86_64_21.0.6.v20250130-0529\jre\bin\nio.dll
Event: 0.254 Loaded shared library C:\sts-4.28.1.RELEASE\plugins\org.eclipse.justj.openjdk.hotspot.jre.full.win32.x86_64_21.0.6.v20250130-0529\jre\bin\zip.dll
Event: 0.350 Loaded shared library C:\sts-4.28.1.RELEASE\plugins\org.eclipse.justj.openjdk.hotspot.jre.full.win32.x86_64_21.0.6.v20250130-0529\jre\bin\jimage.dll
Event: 0.380 Loaded shared library C:\sts-4.28.1.RELEASE\plugins\org.eclipse.justj.openjdk.hotspot.jre.full.win32.x86_64_21.0.6.v20250130-0529\jre\bin\verify.dll
Event: 0.439 Loaded shared library C:\sts-4.28.1.RELEASE\plugins\org.eclipse.justj.openjdk.hotspot.jre.full.win32.x86_64_21.0.6.v20250130-0529\jre\bin\extnet.dll

Deoptimization events (20 events):
Event: 0.989 Thread 0x000001920de4da50 DEOPT PACKING pc=0x0000019211b7ebff sp=0x000000217f7f8f40
Event: 0.989 Thread 0x000001920de4da50 DEOPT UNPACKING pc=0x0000019218d54e42 sp=0x000000217f7f8448 mode 0
Event: 0.992 Thread 0x000001920de4da50 DEOPT PACKING pc=0x0000019211a0a779 sp=0x000000217f7fbcc0
Event: 0.992 Thread 0x000001920de4da50 DEOPT UNPACKING pc=0x0000019218d54e42 sp=0x000000217f7fb118 mode 1
Event: 0.992 Thread 0x000001920de4da50 DEOPT PACKING pc=0x0000019211a0a0e4 sp=0x000000217f7fbd50
Event: 0.992 Thread 0x000001920de4da50 DEOPT UNPACKING pc=0x0000019218d54e42 sp=0x000000217f7fb1f8 mode 1
Event: 0.992 Thread 0x000001920de4da50 DEOPT PACKING pc=0x00000192119dfcec sp=0x000000217f7fc7d0
Event: 0.992 Thread 0x000001920de4da50 DEOPT UNPACKING pc=0x0000019218d54e42 sp=0x000000217f7fbc98 mode 1
Event: 0.992 Thread 0x000001920de4da50 DEOPT PACKING pc=0x00000192119df80c sp=0x000000217f7fc860
Event: 0.992 Thread 0x000001920de4da50 DEOPT UNPACKING pc=0x0000019218d54e42 sp=0x000000217f7fbd38 mode 1
Event: 16.117 Thread 0x000001920de4da50 DEOPT PACKING pc=0x0000019211b44e1c sp=0x000000217f7fd0b0
Event: 16.117 Thread 0x000001920de4da50 DEOPT UNPACKING pc=0x0000019218d54e42 sp=0x000000217f7fc568 mode 0
Event: 16.126 Thread 0x000001922dbb74c0 Uncommon trap: trap_request=0xffffff45 fr.pc=0x00000192192e3e6c relative=0x000000000000078c
Event: 16.126 Thread 0x000001922dbb74c0 Uncommon trap: reason=unstable_if action=reinterpret pc=0x00000192192e3e6c method=org.eclipse.jdt.launching.internal.org.objectweb.asm.ClassReader.readUtf(II[C)Ljava/lang/String; @ 41 c2
Event: 16.126 Thread 0x000001922dbb74c0 DEOPT PACKING pc=0x00000192192e3e6c sp=0x00000021008fe140
Event: 16.126 Thread 0x000001922dbb74c0 DEOPT UNPACKING pc=0x0000019218d546a2 sp=0x00000021008fe128 mode 2
Event: 16.126 Thread 0x000001922dbb74c0 Uncommon trap: trap_request=0xffffff45 fr.pc=0x00000192193ac20c relative=0x000000000000948c
Event: 16.126 Thread 0x000001922dbb74c0 Uncommon trap: reason=unstable_if action=reinterpret pc=0x00000192193ac20c method=java.lang.String.hashCode()I @ 20 c2
Event: 16.126 Thread 0x000001922dbb74c0 DEOPT PACKING pc=0x00000192193ac20c sp=0x00000021008fe200
Event: 16.126 Thread 0x000001922dbb74c0 DEOPT UNPACKING pc=0x0000019218d546a2 sp=0x00000021008fe0b0 mode 2

Classes loaded (20 events):
Event: 0.956 Loading class sun/reflect/generics/tree/CharSignature
Event: 0.956 Loading class sun/reflect/generics/tree/CharSignature done
Event: 0.956 Loading class sun/reflect/generics/tree/ArrayTypeSignature
Event: 0.956 Loading class sun/reflect/generics/tree/ArrayTypeSignature done
Event: 0.956 Loading class java/net/UnknownHostException
Event: 0.957 Loading class java/net/UnknownHostException done
Event: 0.960 Loading class sun/reflect/generics/tree/ByteSignature
Event: 0.960 Loading class sun/reflect/generics/tree/ByteSignature done
Event: 0.969 Loading class java/util/function/UnaryOperator
Event: 0.969 Loading class java/util/function/UnaryOperator done
Event: 0.969 Loading class java/util/ConcurrentModificationException
Event: 0.969 Loading class java/util/ConcurrentModificationException done
Event: 0.977 Loading class java/lang/ThreadLocal$SuppliedThreadLocal
Event: 0.977 Loading class java/lang/ThreadLocal$SuppliedThreadLocal done
Event: 0.986 Loading class java/lang/invoke/WrongMethodTypeException
Event: 0.986 Loading class java/lang/invoke/WrongMethodTypeException done
Event: 0.999 Loading class java/util/EventObject
Event: 0.999 Loading class java/util/EventObject done
Event: 1.003 Loading class java/util/ArrayList$ListItr
Event: 1.003 Loading class java/util/ArrayList$ListItr done

Classes unloaded (0 events):
No events

Classes redefined (1 events):
Event: 16.129 Thread 0x000001922aedea10 redefined class name=com.mysite.sbb.SbbApplicationTests, count=1

Internal exceptions (20 events):
Event: 0.697 Thread 0x000001920de4da50 Exception <a 'java/io/FileNotFoundException'{0x0000000620956310}> (0x0000000620956310) 
thrown [s\src\hotspot\share\prims\jni.cpp, line 520]
Event: 0.708 Thread 0x000001920de4da50 Exception <a 'java/lang/NoSuchMethodError'{0x0000000620a2bd88}: 'java.lang.Object java.lang.invoke.DirectMethodHandle$Holder.invokeSpecial(java.lang.Object, java.lang.Object, java.lang.Object, long, java.lang.Object)'> (0x0000000620a2bd88) 
thrown [s\src\hotspot\share\interpreter\linkResolver.cpp, line 773]
Event: 0.708 Thread 0x000001920de4da50 Exception <a 'java/lang/NoSuchMethodError'{0x0000000620a2f9a8}: 'java.lang.Object java.lang.invoke.Invokers$Holder.linkToTargetMethod(java.lang.Object, long, java.lang.Object, java.lang.Object)'> (0x0000000620a2f9a8) 
thrown [s\src\hotspot\share\interpreter\linkResolver.cpp, line 773]
Event: 0.770 Thread 0x000001920de4da50 Exception <a 'java/lang/NoSuchMethodError'{0x00000006203707c0}: 'int java.lang.invoke.DirectMethodHandle$Holder.invokeStaticInit(java.lang.Object, java.lang.Object, java.lang.Object)'> (0x00000006203707c0) 
thrown [s\src\hotspot\share\interpreter\linkResolver.cpp, line 773]
Event: 0.777 Thread 0x000001920de4da50 Implicit null exception at 0x00000192193487d1 to 0x000001921934994c
Event: 0.783 Thread 0x000001920de4da50 Exception <a 'java/lang/NoSuchMethodError'{0x000000061fdb5840}: 'int java.lang.invoke.DirectMethodHandle$Holder.invokeInterface(java.lang.Object, java.lang.Object)'> (0x000000061fdb5840) 
thrown [s\src\hotspot\share\interpreter\linkResolver.cpp, line 773]
Event: 0.796 Thread 0x000001920de4da50 Exception <a 'java/lang/NoSuchMethodError'{0x000000061f427058}: 'void java.lang.invoke.DirectMethodHandle$Holder.invokeStaticInit(java.lang.Object, java.lang.Object)'> (0x000000061f427058) 
thrown [s\src\hotspot\share\interpreter\linkResolver.cpp, line 773]
Event: 0.809 Thread 0x000001920de4da50 Exception <a 'java/lang/NoSuchMethodError'{0x000000061f5cff00}: 'int java.lang.invoke.DirectMethodHandle$Holder.invokeVirtual(java.lang.Object, java.lang.Object, java.lang.Object)'> (0x000000061f5cff00) 
thrown [s\src\hotspot\share\interpreter\linkResolver.cpp, line 773]
Event: 0.833 Thread 0x000001920de4da50 Exception <a 'java/lang/IncompatibleClassChangeError'{0x000000061f14c4b0}: Found class java.lang.Object, but interface was expected> (0x000000061f14c4b0) 
thrown [s\src\hotspot\share\interpreter\linkResolver.cpp, line 840]
Event: 0.852 Thread 0x000001920de4da50 Exception <a 'java/lang/NoSuchMethodError'{0x000000061ec68080}: 'int java.lang.invoke.DirectMethodHandle$Holder.invokeSpecial(java.lang.Object, java.lang.Object, java.lang.Object, java.lang.Object)'> (0x000000061ec68080) 
thrown [s\src\hotspot\share\interpreter\linkResolver.cpp, line 773]
Event: 0.856 Thread 0x000001920de4da50 Exception <a 'java/lang/NoSuchMethodError'{0x000000061ecb5f80}: 'int java.lang.invoke.DirectMethodHandle$Holder.invokeSpecial(java.lang.Object, java.lang.Object, java.lang.Object, java.lang.Object, java.lang.Object)'> (0x000000061ecb5f80) 
thrown [s\src\hotspot\share\interpreter\linkResolver.cpp, line 773]
Event: 0.904 Thread 0x000001920de4da50 Exception <a 'java/lang/NoSuchMethodError'{0x000000061eaef870}: 'void java.lang.invoke.DirectMethodHandle$Holder.invokeVirtual(java.lang.Object, java.lang.Object, java.lang.Object, java.lang.Object)'> (0x000000061eaef870) 
thrown [s\src\hotspot\share\interpreter\linkResolver.cpp, line 773]
Event: 0.971 Thread 0x000001920de4da50 Exception <a 'java/lang/NoSuchMethodError'{0x000000061dd4ef78}: 'java.lang.Object java.lang.invoke.DirectMethodHandle$Holder.newInvokeSpecial(java.lang.Object, java.lang.Object, java.lang.Object, java.lang.Object, java.lang.Object, java.lang.Object, java.lang.Object)'> (0x000000061dd4ef78) 
thrown [s\src\hotspot\share\interpreter\linkResolver.cpp, line 773]
Event: 0.971 Thread 0x000001920de4da50 Implicit null exception at 0x000001921934541c to 0x0000019219345708
Event: 0.996 Thread 0x000001920de4da50 Exception <a 'java/lang/NoSuchMethodError'{0x000000061d962b90}: 'java.lang.Object java.lang.invoke.DirectMethodHandle$Holder.invokeInterface(java.lang.Object, java.lang.Object, java.lang.Object, java.lang.Object)'> (0x000000061d962b90) 
thrown [s\src\hotspot\share\interpreter\linkResolver.cpp, line 773]
Event: 0.998 Thread 0x000001920de4da50 Exception <a 'java/lang/NoSuchMethodError'{0x000000061d992958}: 'java.lang.Object java.lang.invoke.DirectMethodHandle$Holder.newInvokeSpecial(java.lang.Object, java.lang.Object, java.lang.Object, java.lang.Object, int)'> (0x000000061d992958) 
thrown [s\src\hotspot\share\interpreter\linkResolver.cpp, line 773]
Event: 0.998 Thread 0x000001920de4da50 Exception <a 'java/lang/NoSuchMethodError'{0x000000061d996f90}: 'java.lang.Object java.lang.invoke.DirectMethodHandle$Holder.invokeSpecial(java.lang.Object, java.lang.Object, java.lang.Object, java.lang.Object, java.lang.Object, int)'> (0x000000061d996f90) 
thrown [s\src\hotspot\share\interpreter\linkResolver.cpp, line 773]
Event: 0.998 Thread 0x000001920de4da50 Exception <a 'java/lang/NoSuchMethodError'{0x000000061d99af28}: 'java.lang.Object java.lang.invoke.Invokers$Holder.linkToTargetMethod(java.lang.Object, java.lang.Object, java.lang.Object, int, java.lang.Object)'> (0x000000061d99af28) 
thrown [s\src\hotspot\share\interpreter\linkResolver.cpp, line 773]
Event: 1.001 Thread 0x000001920de4da50 Exception <a 'java/lang/NoSuchMethodError'{0x000000061d9ea290}: 'java.lang.Object java.lang.invoke.DirectMethodHandle$Holder.invokeInterface(java.lang.Object, java.lang.Object, java.lang.Object, java.lang.Object, java.lang.Object)'> (0x000000061d9ea290) 
thrown [s\src\hotspot\share\interpreter\linkResolver.cpp, line 773]
Event: 1.001 Thread 0x000001920de4da50 Exception <a 'java/lang/IncompatibleClassChangeError'{0x000000061d9eddd8}: Found class java.lang.Object, but interface was expected> (0x000000061d9eddd8) 
thrown [s\src\hotspot\share\interpreter\linkResolver.cpp, line 840]

ZGC Phase Switch (0 events):
No events

VM Operations (20 events):
Event: 4.773 Executing VM operation: get/set locals
Event: 4.773 Executing VM operation: get/set locals done
Event: 4.783 Executing VM operation: get/set locals
Event: 4.783 Executing VM operation: get/set locals done
Event: 4.783 Executing VM operation: get/set locals
Event: 4.783 Executing VM operation: get/set locals done
Event: 4.784 Executing VM operation: get/set locals
Event: 4.784 Executing VM operation: get/set locals done
Event: 4.784 Executing VM operation: get/set locals
Event: 4.784 Executing VM operation: get/set locals done
Event: 4.785 Executing VM operation: get/set locals
Event: 4.785 Executing VM operation: get/set locals done
Event: 16.116 Executing VM operation: ChangeSingleStep
Event: 16.116 Executing VM operation: ChangeSingleStep done
Event: 16.117 Executing VM operation: ChangeSingleStep
Event: 16.117 Executing VM operation: ChangeSingleStep done
Event: 16.126 Executing VM operation: RedefineClasses
Event: 16.136 Executing VM operation: RedefineClasses done
Event: 16.138 Executing VM operation: ChangeSingleStep
Event: 16.138 Executing VM operation: ChangeSingleStep done

Memory protections (0 events):
No events

Nmethod flushes (0 events):
No events

Events (19 events):
Event: 0.027 Thread 0x000001920de4da50 Thread added: 0x000001920de4da50
Event: 0.039 Thread 0x000001920de4da50 Thread added: 0x000001922d9ad580
Event: 0.039 Thread 0x000001920de4da50 Thread added: 0x000001922d9af140
Event: 0.039 Thread 0x000001920de4da50 Thread added: 0x000001922d9b1380
Event: 0.039 Thread 0x000001920de4da50 Thread added: 0x000001922d9b1dd0
Event: 0.039 Thread 0x000001920de4da50 Thread added: 0x000001922d9b2820
Event: 0.039 Thread 0x000001920de4da50 Thread added: 0x000001922d9b3270
Event: 0.039 Thread 0x000001920de4da50 Thread added: 0x000001922d9bf500
Event: 0.040 Thread 0x000001920de4da50 Thread added: 0x000001922d9c28c0
Event: 0.085 Thread 0x000001920de4da50 Thread added: 0x000001922aecc4e0
Event: 0.101 Thread 0x000001920de4da50 Thread added: 0x000001922dbb74c0
Event: 0.101 Thread 0x000001920de4da50 Thread added: 0x000001922dca53a0
Event: 0.101 Thread 0x000001922dbb74c0 Thread added: 0x000001922dca5a20
Event: 0.261 Thread 0x000001922d9c28c0 Thread added: 0x000001922d9c0d80
Event: 0.377 Thread 0x000001920de4da50 Thread added: 0x0000019273759a40
Event: 0.443 Thread 0x000001920de4da50 Thread added: 0x00000192738d7eb0
Event: 0.694 Thread 0x000001922d9c0d80 Thread added: 0x000001922d9c1b20
Event: 6.056 Thread 0x000001922d9c1b20 Thread exited: 0x000001922d9c1b20
Event: 11.034 Thread 0x000001922d9c0d80 Thread exited: 0x000001922d9c0d80


Dynamic libraries:
0x00007ff66b8b0000 - 0x00007ff66b8be000 	C:\sts-4.28.1.RELEASE\plugins\org.eclipse.justj.openjdk.hotspot.jre.full.win32.x86_64_21.0.6.v20250130-0529\jre\bin\javaw.exe
0x00007ff8d26f0000 - 0x00007ff8d28e8000 	C:\Windows\SYSTEM32\ntdll.dll
0x00007ff8d1330000 - 0x00007ff8d13f2000 	C:\Windows\System32\KERNEL32.DLL
0x00007ff8d0200000 - 0x00007ff8d04ff000 	C:\Windows\System32\KERNELBASE.dll
0x00007ff8cfef0000 - 0x00007ff8cfff0000 	C:\Windows\System32\ucrtbase.dll
0x00007ff8b4440000 - 0x00007ff8b4458000 	C:\sts-4.28.1.RELEASE\plugins\org.eclipse.justj.openjdk.hotspot.jre.full.win32.x86_64_21.0.6.v20250130-0529\jre\bin\jli.dll
0x00007ff8c7d40000 - 0x00007ff8c7d5e000 	C:\sts-4.28.1.RELEASE\plugins\org.eclipse.justj.openjdk.hotspot.jre.full.win32.x86_64_21.0.6.v20250130-0529\jre\bin\VCRUNTIME140.dll
0x00007ff8d0f40000 - 0x00007ff8d10dd000 	C:\Windows\System32\USER32.dll
0x00007ff8d0500000 - 0x00007ff8d0522000 	C:\Windows\System32\win32u.dll
0x00007ff8bdd90000 - 0x00007ff8be02a000 	C:\Windows\WinSxS\amd64_microsoft.windows.common-controls_6595b64144ccf1df_6.0.19041.4355_none_60b8b9eb71f62e16\COMCTL32.dll
0x00007ff8d10e0000 - 0x00007ff8d110b000 	C:\Windows\System32\GDI32.dll
0x00007ff8d1110000 - 0x00007ff8d11ae000 	C:\Windows\System32\msvcrt.dll
0x00007ff8d05f0000 - 0x00007ff8d070a000 	C:\Windows\System32\gdi32full.dll
0x00007ff8cfde0000 - 0x00007ff8cfe7d000 	C:\Windows\System32\msvcp_win.dll
0x00007ff8d17e0000 - 0x00007ff8d180f000 	C:\Windows\System32\IMM32.DLL
0x00007ff8b5ff0000 - 0x00007ff8b5ffc000 	C:\sts-4.28.1.RELEASE\plugins\org.eclipse.justj.openjdk.hotspot.jre.full.win32.x86_64_21.0.6.v20250130-0529\jre\bin\vcruntime140_1.dll
0x00007ff8a61c0000 - 0x00007ff8a624d000 	C:\sts-4.28.1.RELEASE\plugins\org.eclipse.justj.openjdk.hotspot.jre.full.win32.x86_64_21.0.6.v20250130-0529\jre\bin\msvcp140.dll
0x00007ff88a8f0000 - 0x00007ff88b680000 	C:\sts-4.28.1.RELEASE\plugins\org.eclipse.justj.openjdk.hotspot.jre.full.win32.x86_64_21.0.6.v20250130-0529\jre\bin\server\jvm.dll
0x00007ff8d1680000 - 0x00007ff8d172f000 	C:\Windows\System32\ADVAPI32.dll
0x00007ff8d1290000 - 0x00007ff8d132f000 	C:\Windows\System32\sechost.dll
0x00007ff8d1550000 - 0x00007ff8d1673000 	C:\Windows\System32\RPCRT4.dll
0x00007ff8d05c0000 - 0x00007ff8d05e7000 	C:\Windows\System32\bcrypt.dll
0x00007ff8d1480000 - 0x00007ff8d14eb000 	C:\Windows\System32\WS2_32.dll
0x00007ff8cfb40000 - 0x00007ff8cfb8b000 	C:\Windows\SYSTEM32\POWRPROF.dll
0x00007ff8c76a0000 - 0x00007ff8c76c7000 	C:\Windows\SYSTEM32\WINMM.dll
0x00007ff8c9f20000 - 0x00007ff8c9f2a000 	C:\Windows\SYSTEM32\VERSION.dll
0x00007ff8cfb20000 - 0x00007ff8cfb32000 	C:\Windows\SYSTEM32\UMPDC.dll
0x00007ff8cdc30000 - 0x00007ff8cdc42000 	C:\Windows\SYSTEM32\kernel.appcore.dll
0x00007ff8ccbc0000 - 0x00007ff8ccbca000 	C:\sts-4.28.1.RELEASE\plugins\org.eclipse.justj.openjdk.hotspot.jre.full.win32.x86_64_21.0.6.v20250130-0529\jre\bin\jimage.dll
0x00007ff8c4080000 - 0x00007ff8c4264000 	C:\Windows\SYSTEM32\DBGHELP.DLL
0x00007ff8b26b0000 - 0x00007ff8b26e4000 	C:\Windows\SYSTEM32\dbgcore.DLL
0x00007ff8d0530000 - 0x00007ff8d05b2000 	C:\Windows\System32\bcryptPrimitives.dll
0x00007ff8c6de0000 - 0x00007ff8c6e1c000 	C:\sts-4.28.1.RELEASE\plugins\org.eclipse.justj.openjdk.hotspot.jre.full.win32.x86_64_21.0.6.v20250130-0529\jre\bin\jdwp.dll
0x00007ff8cca60000 - 0x00007ff8cca6f000 	C:\sts-4.28.1.RELEASE\plugins\org.eclipse.justj.openjdk.hotspot.jre.full.win32.x86_64_21.0.6.v20250130-0529\jre\bin\instrument.dll
0x00007ff8b6000000 - 0x00007ff8b601f000 	C:\sts-4.28.1.RELEASE\plugins\org.eclipse.justj.openjdk.hotspot.jre.full.win32.x86_64_21.0.6.v20250130-0529\jre\bin\java.dll
0x00007ff8d19a0000 - 0x00007ff8d210d000 	C:\Windows\System32\SHELL32.dll
0x00007ff8cde30000 - 0x00007ff8ce5d4000 	C:\Windows\SYSTEM32\windows.storage.dll
0x00007ff8d0a20000 - 0x00007ff8d0d75000 	C:\Windows\System32\combase.dll
0x00007ff8cf6f0000 - 0x00007ff8cf71f000 	C:\Windows\SYSTEM32\Wldp.dll
0x00007ff8d0950000 - 0x00007ff8d0a1d000 	C:\Windows\System32\OLEAUT32.dll
0x00007ff8d1730000 - 0x00007ff8d17dd000 	C:\Windows\System32\SHCORE.dll
0x00007ff8d1930000 - 0x00007ff8d1985000 	C:\Windows\System32\shlwapi.dll
0x00007ff8cfcc0000 - 0x00007ff8cfce4000 	C:\Windows\SYSTEM32\profapi.dll
0x00007ff8b4420000 - 0x00007ff8b4438000 	C:\sts-4.28.1.RELEASE\plugins\org.eclipse.justj.openjdk.hotspot.jre.full.win32.x86_64_21.0.6.v20250130-0529\jre\bin\zip.dll
0x00007ff8cca00000 - 0x00007ff8cca0b000 	C:\sts-4.28.1.RELEASE\plugins\org.eclipse.justj.openjdk.hotspot.jre.full.win32.x86_64_21.0.6.v20250130-0529\jre\bin\dt_socket.dll
0x00007ff8cf130000 - 0x00007ff8cf16b000 	C:\Windows\SYSTEM32\IPHLPAPI.DLL
0x00007ff8cf450000 - 0x00007ff8cf4bc000 	C:\Windows\system32\mswsock.dll
0x00007ff8cf170000 - 0x00007ff8cf23a000 	C:\Windows\SYSTEM32\DNSAPI.dll
0x00007ff8d1990000 - 0x00007ff8d1998000 	C:\Windows\System32\NSI.dll
0x00007ff8c7790000 - 0x00007ff8c779a000 	C:\Windows\System32\rasadhlp.dll
0x00007ff8c29c0000 - 0x00007ff8c2a40000 	C:\Windows\System32\fwpuclnt.dll
0x00007ff8c8bc0000 - 0x00007ff8c8bd0000 	C:\sts-4.28.1.RELEASE\plugins\org.eclipse.justj.openjdk.hotspot.jre.full.win32.x86_64_21.0.6.v20250130-0529\jre\bin\net.dll
0x00007ff8ccdd0000 - 0x00007ff8cceda000 	C:\Windows\SYSTEM32\WINHTTP.dll
0x00007ff8b4400000 - 0x00007ff8b4416000 	C:\sts-4.28.1.RELEASE\plugins\org.eclipse.justj.openjdk.hotspot.jre.full.win32.x86_64_21.0.6.v20250130-0529\jre\bin\nio.dll
0x00007ff8b89c0000 - 0x00007ff8b89d0000 	C:\sts-4.28.1.RELEASE\plugins\org.eclipse.justj.openjdk.hotspot.jre.full.win32.x86_64_21.0.6.v20250130-0529\jre\bin\verify.dll
0x00007ff8c7d60000 - 0x00007ff8c7d69000 	C:\sts-4.28.1.RELEASE\plugins\org.eclipse.justj.openjdk.hotspot.jre.full.win32.x86_64_21.0.6.v20250130-0529\jre\bin\extnet.dll

dbghelp: loaded successfully - version: 4.0.5 - missing functions: none
symbol engine: initialized successfully - sym options: 0x614 - pdb path: .;C:\sts-4.28.1.RELEASE\plugins\org.eclipse.justj.openjdk.hotspot.jre.full.win32.x86_64_21.0.6.v20250130-0529\jre\bin;C:\Windows\SYSTEM32;C:\Windows\WinSxS\amd64_microsoft.windows.common-controls_6595b64144ccf1df_6.0.19041.4355_none_60b8b9eb71f62e16;C:\sts-4.28.1.RELEASE\plugins\org.eclipse.justj.openjdk.hotspot.jre.full.win32.x86_64_21.0.6.v20250130-0529\jre\bin\server

VM Arguments:
jvm_args: -XX:+ShowCodeDetailsInExceptionMessages -agentlib:jdwp=transport=dt_socket,suspend=y,address=localhost:57810 -ea -javaagent:C:\sts-4.28.1.RELEASE\configuration\org.eclipse.osgi\275\0\.cp\lib\javaagent-shaded.jar -Dfile.encoding=UTF-8 -Dstdout.encoding=UTF-8 -Dstderr.encoding=UTF-8 
java_command: org.eclipse.jdt.internal.junit.runner.RemoteTestRunner -version 3 -port 57809 -testLoaderClass org.eclipse.jdt.internal.junit5.runner.JUnit5TestLoader -loaderpluginname org.eclipse.jdt.junit5.runtime -classNames com.mysite.sbb.SbbApplicationTests
java_class_path (initial): C:\Users\kmjnh\Desktop\\springboot\sbb\bin\main;C:\Users\kmjnh\Desktop\\springboot\sbb\bin\test;\sbb\bin\default;C:\Users\kmjnh\.gradle\caches\modules-2\files-2.1\org.projectlombok\lombok\1.18.36\5a30490a6e14977d97d9c73c924c1f1b5311ea95\lombok-1.18.36.jar;C:\Users\kmjnh\.gradle\caches\modules-2\files-2.1\org.springframework.boot\spring-boot-starter-web\3.4.3\87e7a401e7d249fefc7f372f5681e8620234624c\spring-boot-starter-web-3.4.3.jar;C:\Users\kmjnh\.gradle\caches\modules-2\files-2.1\org.springframework.boot\spring-boot-starter-data-jpa\3.4.3\29c90fec6e887dc01df09ea4c3548b5a04b7afb4\spring-boot-starter-data-jpa-3.4.3.jar;C:\Users\kmjnh\.gradle\caches\modules-2\files-2.1\org.springframework.boot\spring-boot-starter-json\3.4.3\7a4d63165404da67ed3802678994c21a0763723\spring-boot-starter-json-3.4.3.jar;C:\Users\kmjnh\.gradle\caches\modules-2\files-2.1\org.springframework.boot\spring-boot-starter-jdbc\3.4.3\87c09bd67ea27fcd30d6413fdbc5bfa1f688e5e8\spring-boot-starter-jdbc-3.4.3.jar;C:\Users\kmjnh\.gradle\caches\modules-2\files-2.1\org.springframework.boot\spring-boot-starter\3.4.3\247fdc05cd6de013c3fd26628fa221dd095b391\spring-boot-starter-3.4.3.jar;C:\Users\kmjnh\.gradle\caches\modules-2\files-2.1\org.springframework.boot\spring-boot-starter-tomcat\3.4.3\40246b02bf8bf905dd5fb3d57f48bfc2c9b49bb9\spring-boot-starter-tomcat-3.4.3.jar;C:\Users\kmjnh\.gradle\caches\modules-2\files-2.1\org.springframework\spring-webmvc\6.2.3\485f6e351bba471fc8f841f39eaf6488896369ff\spring-webmvc-6.2.3.jar;C:\Users\kmjnh\.gradle\caches\modules-2\files-2.1\org.springframework\spring-web\6.2.3\662ac5ee41af27d183f97032b2fec2b652d379f5\spring-web-6.2.3.jar;C:\Users\kmjnh\.gradle\caches\modules-2\files-2.1\org.hibernate.orm\hibernate-core\6.6.8.Final\2738c642d5e505249faa2f923e03541aa6b96916\hibernate-core-6.6.8.Final.jar;C:\Users\kmjnh\.gradle\caches\modules-2\files-2.1\org.springframework.data\spring-data-jpa\3.4.3\7e4c0e9c14f4d971a9de6aff3c9beece2001480b\spring-data-jpa-3.4.3.jar;C:\Users\kmjnh\.gradle\caches\modules-2\files-2.1\org.springframework\spring-aspects\6.2.3\f90a794dd3f81a1addc0552bc091e3f85b2428de\spring-aspects-6.2.3.jar;C:\Users\kmjnh\.gradle\caches\modules-2\files-2.1\org.springframework.boot\spring-boot-autoconfigure\3.4.3\6172c599082196b340910d67c5c790c32f10e417\spring-boot-autoconfigure-3.4.3.jar;C:\Users\kmjnh\.gradle\caches\modules-2\files-2.1\org.springframework.boot\spring-boot\3.4.3\a7138bcecd59ed27660b3894a7812d65db4951e6\spring-boot-3.4.3.jar;C:\Users\kmjnh\.gradle\caches\modules-2\files-2.1\org.springframework.boot\spring-boot-starter-logging\3.4.3\e5aee6af32c2dbcc9fb379bcd6c5e5b931db93f1\spring-boot-starter-logging-3.4.3.jar;C:\Users\kmjnh\.gradle\caches\modules-2\files-2.1\jakarta.annotation\jakarta.annotation-api\2.1.1\48b9bda22b091b1f48b13af03fe36db3be6e1ae3\jakarta.annotation-api-2.1.1.jar;C:\Users\kmjnh\.gradle\caches\modules-2\files-2.1\org.springframework\spring-context\6.2.3\35acadc000b8aaff77e3412dd9acb51aa70c8515\spring-context-6.2.3.jar;C:\Users\kmjnh\.gradle\caches\modules-2\files-2.1\org.springframework\spring-aop\6.2.3\7983418fa64505d144b60826fb1352ad336c60a0\spring-aop-6.2.3.jar;C:\Users\kmjnh\.gradle\caches\modules-2\files-2.1\org.springframework\spring-orm\6.2.3\b99b9917702591c2ef0cfa7a9bff6bf757015437\spring-orm-6.2.3.jar;C:\Users\kmjnh\.gradle\caches\modules-2\files-2.1\org.springframework\spring-jdbc\6.2.3\37a5f7fd424fe555a556138c8ac4f8d6dd312c19\spring-jdbc-6.2.3.jar;C:\Users\kmjnh\.gradle\caches\modules-2\files-2.1\org.springframework.data\spring-data-commons\3.4.3\2b61ff4aef4a81071ce7eaf1ec29ef9e553bf930\spring-data-commons-3.4.3.jar;C:\Users\kmjnh\.gradle\caches\modules-2\files-2.1\org.springframework\spring-tx\6.2.3\29c8703a756f9a41bc8e14e2aae7890658c54abf\spring-tx-6.2.3.jar;C:\Users\kmjnh\.gradle\caches\modules-2\files-2.1\org.springframework\spring-beans\6.2.3\de660324c90e9b015886d85c746860478fa7d99c\spring-beans-6.2.3.jar;C:\Users\kmjnh\.gradle\caches\modules-2\files-2.1\org.springframework\spring-expression\6.2.3\bda43c7be1bb69cce2a380c2bbaf05062631d42d\spring-expression-6.2.3.jar;C:\Users\kmjnh\.gradle\caches\modules-2\files-2.1\org.springframework\spring-core\6.2.3\13ec11e345b915d7ceea37446f1b1eefdcaad62c\spring-core-6.2.3.jar;C:\Users\kmjnh\.gradle\caches\modules-2\files-2.1\org.yaml\snakeyaml\2.3\936b36210e27320f920536f695cf1af210c44586\snakeyaml-2.3.jar;C:\Users\kmjnh\.gradle\caches\modules-2\files-2.1\com.fasterxml.jackson.datatype\jackson-datatype-jsr310\2.18.2\7b6ff96adf421f4c6edbd694e797dd8fe434510a\jackson-datatype-jsr310-2.18.2.jar;C:\Users\kmjnh\.gradle\caches\modules-2\files-2.1\com.fasterxml.jackson.module\jackson-module-parameter-names\2.18.2\72960cb3277347a748911d100c3302d60e8a616a\jackson-module-parameter-names-2.18.2.jar;C:\Users\kmjnh\.gradle\caches\modules-2\files-2.1\com.fasterxml.jackson.core\jackson-annotations\2.18.2\985d77751ebc7fce5db115a986bc9aa82f973f4a\jackson-annotations-2.18.2.jar;C:\Users\kmjnh\.gradle\caches\modules-2\files-2.1\com.fasterxml.jackson.core\jackson-core\2.18.2\fb64ccac5c27dca8819418eb4e443a9f496d9ee7\jackson-core-2.18.2.jar;C:\Users\kmjnh\.gradle\caches\modules-2\files-2.1\com.fasterxml.jackson.datatype\jackson-datatype-jdk8\2.18.2\9ed6d538ebcc66864e114a7040953dce6ab6ea53\jackson-datatype-jdk8-2.18.2.jar;C:\Users\kmjnh\.gradle\caches\modules-2\files-2.1\com.fasterxml.jackson.core\jackson-databind\2.18.2\deef8697b92141fb6caf7aa86966cff4eec9b04f\jackson-databind-2.18.2.jar;C:\Users\kmjnh\.gradle\caches\modules-2\files-2.1\org.apache.tomcat.embed\tomcat-embed-websocket\10.1.36\222960bc8895aa543e405382094c7fb118544d0d\tomcat-embed-websocket-10.1.36.jar;C:\Users\kmjnh\.gradle\caches\modules-2\files-2.1\org.apache.tomcat.embed\tomcat-embed-core\10.1.36\3ccaa558e32e317e35d6674d65d7d9aa182e082f\tomcat-embed-core-10.1.36.jar;C:\Users\kmjnh\.gradle\caches\modules-2\files-2.1\org.apache.tomcat.embed\tomcat-embed-el\10.1.36\4e4235a18244af30bb32d9b5a9400fb8edb3bc20\tomcat-embed-el-10.1.36.jar;C:\Users\kmjnh\.gradle\caches\modules-2\files-2.1\io.micrometer\micrometer-observation\1.14.4\c17efe9e6695a0a849a95d0e77422516a345e779\micrometer-observation-1.14.4.jar;C:\Users\kmjnh\.gradle\caches\modules-2\files-2.1\com.zaxxer\HikariCP\5.1.0\8c96e36c14461fc436bb02b264b96ef3ca5dca8c\HikariCP-5.1.0.jar;C:\Users\kmjnh\.gradle\caches\modules-2\files-2.1\jakarta.persistence\jakarta.persistence-api\3.1.0\66901fa1c373c6aff65c13791cc11da72060a8d6\jakarta.persistence-api-3.1.0.jar;C:\Users\kmjnh\.gradle\caches\modules-2\files-2.1\jakarta.transaction\jakarta.transaction-api\2.0.1\51a520e3fae406abb84e2e1148e6746ce3f80a1a\jakarta.transaction-api-2.0.1.jar;C:\Users\kmjnh\.gradle\caches\modules-2\files-2.1\org.antlr\antlr4-runtime\4.13.0\5a02e48521624faaf5ff4d99afc88b01686af655\antlr4-runtime-4.13.0.jar;C:\Users\kmjnh\.gradle\caches\modules-2\files-2.1\ch.qos.logback\logback-classic\1.5.16\113979db51dfad6dc895b34460d7b7ff64ffe7d2\logback-classic-1.5.16.jar;C:\Users\kmjnh\.gradle\caches\modules-2\files-2.1\org.apache.logging.log4j\log4j-to-slf4j\2.24.3\da1143e2a2531ee1c2d90baa98eb50a28a39d5a7\log4j-to-slf4j-2.24.3.jar;C:\Users\kmjnh\.gradle\caches\modules-2\files-2.1\org.slf4j\jul-to-slf4j\2.0.16\6d57da3e961daac65bcca0dd3def6cd11e48a24a\jul-to-slf4j-2.0.16.jar;C:\Users\kmjnh\.gradle\caches\modules-2\files-2.1\org.slf4j\slf4j-api\2.0.16\172931663a09a1fa515567af5fbef00897d3c04\slf4j-api-2.0.16.jar;C:\Users\kmjnh\.gradle\caches\modules-2\files-2.1\org.aspectj\aspectjweaver\1.9.22.1\bca243d0af0db4758fbae45c5f4995cb5dabb612\aspectjweaver-1.9.22.1.jar;C:\Users\kmjnh\.gradle\caches\modules-2\files-2.1\org.springframework\spring-jcl\6.2.3\ce8bf55aa240fdeab07b3da1f462c79112a33aff\spring-jcl-6.2.3.jar;C:\Users\kmjnh\.gradle\caches\modules-2\files-2.1\io.micrometer\micrometer-commons\1.14.4\3664f95586514d8f9adc81a5f7a5ef9f66b65599\micrometer-commons-1.14.4.jar;C:\Users\kmjnh\.gradle\caches\modules-2\files-2.1\ch.qos.logback\logback-core\1.5.16\4f17700f046900aea2fadf115e2d67fec921f7fd\logback-core-1.5.16.jar;C:\Users\kmjnh\.gradle\caches\modules-2\files-2.1\org.apache.logging.log4j\log4j-api\2.24.3\b02c125db8b6d295adf72ae6e71af5d83bce2370\log4j-api-2.24.3.jar;C:\Users\kmjnh\.gradle\caches\modules-2\files-2.1\org.springframework.boot\spring-boot-devtools\3.4.3\2ff7eda01cc1f445ddf1cc4a18fc4950634dbb33\spring-boot-devtools-3.4.3.jar;C:\Users\kmjnh\.gradle\caches\modules-2\files-2.1\com.h2database\h2\2.3.232\4fcc05d966ccdb2812ae8b9a718f69226c0cf4e2\h2-2.3.232.jar;C:\Users\kmjnh\.gradle\caches\modules-2\files-2.1\org.jboss.logging\jboss-logging\3.6.1.Final\886afbb445b4016a37c8960a7aef6ebd769ce7e5\jboss-logging-3.6.1.Final.jar;C:\Users\kmjnh\.gradle\caches\modules-2\files-2.1\org.hibernate.common\hibernate-commons-annotations\7.0.3.Final\e183c4be8bb41d12e9f19b374e00c34a0a85f439\hibernate-commons-annotations-7.0.3.Final.jar;C:\Users\kmjnh\.gradle\caches\modules-2\files-2.1\io.smallrye\jandex\3.2.0\f17ad860f62a08487b9edabde608f8ac55c62fa7\jandex-3.2.0.jar;C:\Users\kmjnh\.gradle\caches\modules-2\files-2.1\com.fasterxml\classmate\1.7.0\e98374da1f2143ac8e6e0a95036994bb19137a3\classmate-1.7.0.jar;C:\Users\kmjnh\.gradle\caches\modules-2\files-2.1\net.bytebuddy\byte-buddy\1.15.11\f61886478e0f9ee4c21d09574736f0ff45e0a46c\byte-buddy-1.15.11.jar;C:\Users\kmjnh\.gradle\caches\modules-2\files-2.1\org.glassfish.jaxb\jaxb-runtime\4.0.5\ca84c2a7169b5293e232b9d00d1e4e36d4c3914a\jaxb-runtime-4.0.5.jar;C:\Users\kmjnh\.gradle\caches\modules-2\files-2.1\org.glassfish.jaxb\jaxb-core\4.0.5\7b4b11ea5542eea4ad55e1080b23be436795b3\jaxb-core-4.0.5.jar;C:\Users\kmjnh\.gradle\caches\modules-2\files-2.1\jakarta.xml.bind\jakarta.xml.bind-api\4.0.2\6cd5a999b834b63238005b7144136379dc36cad2\jakarta.xml.bind-api-4.0.2.jar;C:\Users\kmjnh\.gradle\caches\modules-2\files-2.1\jakarta.inject\jakarta.inject-api\2.0.1\4c28afe1991a941d7702fe1362c365f0a8641d1e\jakarta.inject-api-2.0.1.jar;C:\Users\kmjnh\.gradle\caches\modules-2\files-2.1\org.eclipse.angus\angus-activation\2.0.2\41f1e0ddd157c856926ed149ab837d110955a9fc\angus-activation-2.0.2.jar;C:\Users\kmjnh\.gradle\caches\modules-2\files-2.1\jakarta.activation\jakarta.activation-api\2.1.3\fa165bd70cda600368eee31555222776a46b881f\jakarta.activation-api-2.1.3.jar;C:\Users\kmjnh\.gradle\caches\modules-2\files-2.1\org.glassfish.jaxb\txw2\4.0.5\f36a4ef12120a9bb06d766d6a0e54b144fd7ed98\txw2-4.0.5.jar;C:\Users\kmjnh\.gradle\caches\modules-2\files-2.1\com.sun.istack\istack-commons-runtime\4.1.2\18ec117c85f3ba0ac65409136afa8e42bc74e739\istack-commons-runtime-4.1.2.jar;C:\Users\kmjnh\.gradle\caches\modules-2\files-2.1\org.springframework.boot\spring-boot-starter-test\3.4.3\cb43483437a2151f522141247198e071ad77cf35\spring-boot-starter-test-3.4.3.jar;C:\Users\kmjnh\.gradle\caches\modules-2\files-2.1\org.junit.jupiter\junit-jupiter-params\5.11.4\e4c86fbe2a39c60c6b87260ef7f7e7c1a1906481\junit-jupiter-params-5.11.4.jar;C:\Users\kmjnh\.gradle\caches\modules-2\files-2.1\org.junit.jupiter\junit-jupiter-api\5.11.4\308315b28e667db4091b2ba1f7aa220d1ddadb97\junit-jupiter-api-5.11.4.jar;C:\Users\kmjnh\.gradle\caches\modules-2\files-2.1\org.junit.platform\junit-platform-commons\1.11.4\8898eea3ed0da2641548d602c3e308804f166303\junit-platform-commons-1.11.4.jar;C:\Users\kmjnh\.gradle\caches\modules-2\files-2.1\org.junit.jupiter\junit-jupiter\5.11.4\a699f024a4a4706b36bddbeb42d499aff9e09379\junit-jupiter-5.11.4.jar;C:\Users\kmjnh\.gradle\caches\modules-2\files-2.1\org.springframework.boot\spring-boot-test-autoconfigure\3.4.3\7c4be29065b5b21ba7c13515d795fe8d76e57a79\spring-boot-test-autoconfigure-3.4.3.jar;C:\Users\kmjnh\.gradle\caches\modules-2\files-2.1\org.springframework.boot\spring-boot-test\3.4.3\ba8b542af8fda08840925ef1bdfe78c1b7222b82\spring-boot-test-3.4.3.jar;C:\Users\kmjnh\.gradle\caches\modules-2\files-2.1\com.jayway.jsonpath\json-path\2.9.0\37fe2217f577b0b68b18e62c4d17a8858ecf9b69\json-path-2.9.0.jar;C:\Users\kmjnh\.gradle\caches\modules-2\files-2.1\net.minidev\json-smart\2.5.2\95d166b18f95907be0f46cdb9e1c0695eed03387\json-smart-2.5.2.jar;C:\Users\kmjnh\.gradle\caches\modules-2\files-2.1\org.assertj\assertj-core\3.26.3\d26263eb7524252d98e602fc6942996a3195e29\assertj-core-3.26.3.jar;C:\Users\kmjnh\.gradle\caches\modules-2\files-2.1\org.awaitility\awaitility\4.2.2\7336242073ebf83fe034e42b46a403c5501b63c9\awaitility-4.2.2.jar;C:\Users\kmjnh\.gradle\caches\modules-2\files-2.1\org.hamcrest\hamcrest\2.2\1820c0968dba3a11a1b30669bb1f01978a91dedc\hamcrest-2.2.jar;C:\Users\kmjnh\.gradle\caches\modules-2\files-2.1\org.mockito\mockito-junit-jupiter\5.14.2\3cfc377d4bb9fe729f3dd9098d9a9b27da58324a\mockito-junit-jupiter-5.14.2.jar;C:\Users\kmjnh\.gradle\caches\modules-2\files-2.1\org.mockito\mockito-core\5.14.2\f7bf936008d7664e2002c3faf0c02071c8d10e7c\mockito-core-5.14.2.jar;C:\Users\kmjnh\.gradle\caches\modules-2\files-2.1\org.skyscreamer\jsonassert\1.5.3\aaa43e0823d2a0e106e8754d6a9c4ab24e05e9bc\jsonassert-1.5.3.jar;C:\Users\kmjnh\.gradle\caches\modules-2\files-2.1\org.springframework\spring-test\6.2.3\92fbfd7a88dd007f4c669d8a317227d2757a4d2a\spring-test-6.2.3.jar;C:\Users\kmjnh\.gradle\caches\modules-2\files-2.1\org.xmlunit\xmlunit-core\2.10.0\1355088731b4ec2107ff7f319f0d7445d916bab\xmlunit-core-2.10.0.jar;C:\Users\kmjnh\.gradle\caches\modules-2\files-2.1\net.minidev\accessors-smart\2.5.2\ce16fd235cfee48e67eda33e684423bba09f7d07\accessors-smart-2.5.2.jar;C:\Users\kmjnh\.gradle\caches\modules-2\files-2.1\net.bytebuddy\byte-buddy-agent\1.15.11\a38b16385e867f59a641330f0362ebe742788ed8\byte-buddy-agent-1.15.11.jar;C:\Users\kmjnh\.gradle\caches\modules-2\files-2.1\com.vaadin.external.google\android-json\0.0.20131108.vaadin1\fa26d351fe62a6a17f5cda1287c1c6110dec413f\android-json-0.0.20131108.vaadin1.jar;C:\Users\kmjnh\.gradle\caches\modules-2\files-2.1\org.opentest4j\opentest4j\1.3.0\152ea56b3a72f655d4fd677fc0ef2596c3dd5e6e\opentest4j-1.3.0.jar;C:\Users\kmjnh\.gradle\caches\modules-2\files-2.1\org.apiguardian\apiguardian-api\1.1.2\a231e0d844d2721b0fa1b238006d15c6ded6842a\apiguardian-api-1.1.2.jar;C:\Users\kmjnh\.gradle\caches\modules-2\files-2.1\org.ow2.asm\asm\9.7.1\f0ed132a49244b042cd0e15702ab9f2ce3cc8436\asm-9.7.1.jar;C:\Users\kmjnh\.gradle\caches\modules-2\files-2.1\org.junit.platform\junit-platform-launcher\1.11.4\3d83c201899d8c5e74e1a5d628eab900342a0e48\junit-platform-launcher-1.11.4.jar;C:\Users\kmjnh\.gradle\caches\modules-2\files-2.1\org.junit.jupiter\junit-jupiter-engine\5.11.4\dc10ec209623986a68ea07f67cdc7d2a65a60355\junit-jupiter-engine-5.11.4.jar;C:\Users\kmjnh\.gradle\caches\modules-2\files-2.1\org.junit.platform\junit-platform-engine\1.11.4\21f61b123ad6ac8f7e73971bff3a096c8d8e1cd0\junit-platform-engine-1.11.4.jar;C:\Users\kmjnh\.gradle\caches\modules-2\files-2.1\org.objenesis\objenesis\3.3\1049c09f1de4331e8193e579448d0916d75b7631\objenesis-3.3.jar;C:\sts-4.28.1.RELEASE\configuration\org.eclipse.osgi\274\0\.cp;C:\sts-4.28.1.RELEASE\configuration\org.eclipse.osgi\272\0\.cp
Launcher Type: SUN_STANDARD

[Global flags]
     intx CICompilerCount                          = 4                                         {product} {ergonomic}
     uint ConcGCThreads                            = 3                                         {product} {ergonomic}
     uint G1ConcRefinementThreads                  = 10                                        {product} {ergonomic}
   size_t G1HeapRegionSize                         = 4194304                                   {product} {ergonomic}
    uintx GCDrainStackTargetSize                   = 64                                        {product} {ergonomic}
   size_t InitialHeapSize                          = 536870912                                 {product} {ergonomic}
   size_t MarkStackSize                            = 4194304                                   {product} {ergonomic}
   size_t MaxHeapSize                              = 8573157376                                {product} {ergonomic}
   size_t MaxNewSize                               = 5142216704                                {product} {ergonomic}
   size_t MinHeapDeltaBytes                        = 4194304                                   {product} {ergonomic}
   size_t MinHeapSize                              = 8388608                                   {product} {ergonomic}
    uintx NonNMethodCodeHeapSize                   = 5839372                                {pd product} {ergonomic}
    uintx NonProfiledCodeHeapSize                  = 122909434                              {pd product} {ergonomic}
    uintx ProfiledCodeHeapSize                     = 122909434                              {pd product} {ergonomic}
    uintx ReservedCodeCacheSize                    = 251658240                              {pd product} {ergonomic}
     bool SegmentedCodeCache                       = true                                      {product} {ergonomic}
     bool ShowCodeDetailsInExceptionMessages       = true                                   {manageable} {command line}
   size_t SoftMaxHeapSize                          = 8573157376                             {manageable} {ergonomic}
     bool UseCompressedOops                        = true                           {product lp64_product} {ergonomic}
     bool UseG1GC                                  = true                                      {product} {ergonomic}
     bool UseLargePagesIndividualAllocation        = false                                  {pd product} {ergonomic}

Logging:
Log output configuration:
 #0: stdout all=warning uptime,level,tags foldmultilines=false
 #1: stderr all=off uptime,level,tags foldmultilines=false

Environment Variables:
PATH=C:\sts-4.28.1.RELEASE\plugins\org.eclipse.justj.openjdk.hotspot.jre.full.win32.x86_64_21.0.6.v20250130-0529\jre\bin;C:/sts-4.28.1.RELEASE//plugins/org.eclipse.justj.openjdk.hotspot.jre.full.win32.x86_64_21.0.6.v20250130-0529/jre/bin/server;C:/sts-4.28.1.RELEASE//plugins/org.eclipse.justj.openjdk.hotspot.jre.full.win32.x86_64_21.0.6.v20250130-0529/jre/bin;C:\Program Files\Common Files\Oracle\Java\javapath;C:\Windows\system32;C:\Windows;C:\Windows\System32\Wbem;C:\Windows\System32\WindowsPowerShell\v1.0\;C:\Windows\System32\OpenSSH\;C:\Program Files (x86)\NVIDIA Corporation\PhysX\Common;C:\Program Files\Bandizip\;C:\Program Files\nodejs\;C:\Program Files\Git\cmd;C:\Program Files\dotnet\;C:\Users\kmjnh\AppData\Local\Microsoft\WindowsApps;C:\Users\kmjnh\AppData\Local\GitHubDesktop\bin;C:\Users\kmjnh\AppData\Local\Programs\Microsoft VS Code\bin;C:\Users\kmjnh\AppData\Roaming\npm;C:\sts-4.28.1.RELEASE;
USERNAME=kmjnh
OS=Windows_NT
PROCESSOR_IDENTIFIER=AMD64 Family 25 Model 33 Stepping 2, AuthenticAMD
TMP=C:\Users\kmjnh\AppData\Local\Temp
TEMP=C:\Users\kmjnh\AppData\Local\Temp




Periodic native trim disabled

---------------  S Y S T E M  ---------------

OS:
 Windows 10 , 64 bit Build 19041 (10.0.19041.5438)
OS uptime: 1 days 2:42 hours

CPU: total 12 (initial active 12) (12 cores per cpu, 2 threads per core) family 25 model 33 stepping 2 microcode 0x0, cx8, cmov, fxsr, ht, mmx, 3dnowpref, sse, sse2, sse3, ssse3, sse4a, sse4.1, sse4.2, popcnt, lzcnt, tsc, tscinvbit, avx, avx2, aes, clmul, bmi1, bmi2, adx, sha, fma, vzeroupper, clflush, clflushopt, rdtscp, rdpid, f16c, pku, cet_ss
Processor Information for the first 12 processors :
  Max Mhz: 3501, Current Mhz: 3501, Mhz Limit: 3501

Memory: 4k page, system-wide physical 32693M (20032M free)
TotalPageFile size 34741M (AvailPageFile size 20273M)
current process WorkingSet (physical memory assigned to process): 135M, peak: 192M
current process commit charge ("private bytes"): 635M, peak: 699M

vm_info: OpenJDK 64-Bit Server VM (21.0.6+7-LTS) for windows-amd64 JRE (21.0.6+7-LTS), built on 2025-01-21T00:00:00Z by "admin" with MS VC++ 17.7 (VS2022)

END.
